[02:36:37] [INIT] KubeJS 2001.6.5-build.7; MC 2001 forge
[02:36:37] [INIT] Loaded plugins:
[02:36:37] [INIT] - dev.latvian.mods.kubejs.forge.BuiltinKubeJSForgePlugin
[02:36:37] [INIT] - dev.latvian.mods.kubejs.forge.BuiltinKubeJSForgeClientPlugin
[02:36:37] [INIT] - dev.latvian.mods.kubejs.integration.forge.gamestages.GameStagesIntegration
[02:36:37] [INIT] - net.mehvahdjukaar.sawmill.integration.KubeJsPlugin
[02:36:37] [INIT] - com.squoshi.irons_spells_js.IronsSpellsJSPlugin
[02:36:37] [INIT] - com.squoshi.irons_spells_js.compat.entityjs.EntityJSPlugin
[02:36:37] [INIT] - com.sunekaer.sdrp.integration.kubejs.SDRPKubeJSIntegration
[02:36:37] [INIT] - smartin.miapi.compat.kubejs.KubeJSMiapiPlugin
[02:36:37] [INIT] - net.liopyu.entityjs.EntityJSPlugin
[02:36:37] [INIT] - dev.latvian.mods.kubejs.create.KubeJSCreatePlugin
[02:36:37] [INIT] - com.oierbravo.create_mechanical_spawner.compat.kubejs.KubeJSCreateMechanicalSpawnerPlugin
[02:36:37] [INIT] - qinomed.kubejsdelight.KubeJSDelightPlugin
[02:36:37] [INIT] - com.almostreliable.lootjs.kube.LootJSPlugin
[02:36:37] [INIT] - com.probejs.ProbeJSPlugin
[02:36:37] [INIT] - com.almostreliable.ponderjs.PonderJSPlugin
[02:36:38] [INFO] Loaded script server_scripts:enchantment.js in 0.01 s
[02:36:38] [INFO] Loaded script server_scripts:recipes.js in 0.001 s
[02:36:38] [INFO] Loaded script server_scripts:recipe_remove.js in 0.008 s
[02:36:38] [INFO] Loaded script server_scripts:tags.js in 0.002 s
[02:36:38] [INFO] Loaded 4/4 KubeJS server scripts in 0.119 s with 0 errors and 0 warnings
[02:36:38] [INFO] Scripts loaded
[02:36:38] [INFO] Initializing recipe event...
[02:36:41] [INFO] [minecraft:fluid] Found 82 tags, added 1 objects, removed 1 objects
[02:36:42] [INFO] [minecraft:item] Found 1632 tags, added 70 objects, removed 0 objects
[02:36:42] [INFO] [minecraft:block] Found 864 tags, added 1 objects, removed 0 objects
[02:36:47] [INFO] Processing recipes...
[02:36:48] [WARN] Failed to parse recipe 'outer_end:himmel_vertical_slab[minecraft:crafting_shaped]'! Falling back to vanilla: ItemStack 'result' can't be empty!
[02:36:48] [WARN] Failed to parse recipe 'outer_end:violite/mossy_bricks/vertical_slab_stonecutting[minecraft:stonecutting]'! Falling back to vanilla: ItemStack 'result' can't be empty!
[02:36:48] [WARN] Failed to parse recipe 'outer_end:violite/tiles/vertical_slab_stonecutting[minecraft:stonecutting]'! Falling back to vanilla: ItemStack 'result' can't be empty!
[02:36:48] [WARN] Failed to parse recipe 'outer_end:violite/mossy_tiles/vertical_slab_stonecutting[minecraft:stonecutting]'! Falling back to vanilla: ItemStack 'result' can't be empty!
[02:36:48] [WARN] Failed to parse recipe 'cratedelight:minecraft/crafting/cod_crate[minecraft:crafting_shaped]'! Falling back to vanilla: ItemStack 'result' can't be empty!
[02:36:48] [WARN] Failed to parse recipe 'aether_redux:genesis_dark_gummy_swet[minecraft:crafting_shapeless]'! Falling back to vanilla: ItemStack 'result' can't be empty!
[02:36:48] [WARN] Failed to parse recipe 'farmersdelight:cutting/azure_door[farmersdelight:cutting]'! Falling back to vanilla: Failed to parse custom ingredient ("farmersdelight:tool") from {"type":"farmersdelight:tool","tool":"axe"}: com.google.gson.JsonSyntaxException: Unknown ingredient type: farmersdelight:tool
[02:36:48] [WARN] Failed to parse recipe 'ends_delight:food/dragon_meat_stew_block[farmersdelight:cooking]'! Falling back to vanilla: Recipe component key 'experience' not found! Valid keys: [ingredients:input_item[], container?:input_item, cookingtime:ticks, result:output_item, experience:int]
[02:36:48] [WARN] Failed to parse recipe 'outer_end:violite/tiles/vertical_slab_from_violite_stonecutting[minecraft:stonecutting]'! Falling back to vanilla: ItemStack 'result' can't be empty!
[02:36:48] [WARN] Failed to parse recipe 'outer_end:violite/bricks/vertical_slab[minecraft:crafting_shaped]'! Falling back to vanilla: ItemStack 'result' can't be empty!
[02:36:48] [WARN] Failed to parse recipe 'outer_end:stripped_azure_post[minecraft:crafting_shaped]'! Falling back to vanilla: ItemStack 'result' can't be empty!
[02:36:48] [WARN] Failed to parse recipe 'design_decor:stonecutting/metals/iron/screw[minecraft:stonecutting]'! Falling back to vanilla: ItemStack 'result' can't be empty!
[02:36:48] [WARN] Failed to parse recipe 'outer_end:violite/bricks/vertical_slab_stonecutting[minecraft:stonecutting]'! Falling back to vanilla: ItemStack 'result' can't be empty!
[02:36:48] [WARN] Failed to parse recipe 'incendium:upgrade_elytra[minecraft:smithing_transform]'! Falling back to vanilla: Ingredient 'template' can't be empty!
[02:36:49] [WARN] Failed to parse recipe 'farmersdelight:cutting/azure_sign[farmersdelight:cutting]'! Falling back to vanilla: Failed to parse custom ingredient ("farmersdelight:tool") from {"type":"farmersdelight:tool","tool":"axe"}: com.google.gson.JsonSyntaxException: Unknown ingredient type: farmersdelight:tool
[02:36:49] [WARN] Failed to parse recipe 'ends_delight:food/chorus_fruit_milk_tea[farmersdelight:cooking]'! Falling back to vanilla: Recipe component key 'experience' not found! Valid keys: [result:output_item, container?:input_item, ingredients:input_item[], cookingtime:ticks, experience:int]
[02:36:49] [WARN] Failed to parse recipe 'outer_end:himmel_vertical_slab_stonecutting[minecraft:stonecutting]'! Falling back to vanilla: ItemStack 'result' can't be empty!
[02:36:49] [WARN] Failed to parse recipe 'outer_end:violite/tiles/vertical_slab[minecraft:crafting_shaped]'! Falling back to vanilla: ItemStack 'result' can't be empty!
[02:36:49] [WARN] Failed to parse recipe 'ends_delight:food/bubble_tea[farmersdelight:cooking]'! Falling back to vanilla: Recipe component key 'experience' not found! Valid keys: [result:output_item, container?:input_item, ingredients:input_item[], cookingtime:ticks, experience:int]
[02:36:49] [WARN] Failed to parse recipe 'ends_delight:food/ender_sauce[farmersdelight:cooking]'! Falling back to vanilla: Recipe component key 'experience' not found! Valid keys: [ingredients:input_item[], container?:input_item, result:output_item, cookingtime:ticks, experience:int]
[02:36:49] [WARN] Failed to parse recipe 'ends_delight:food/chorus_fruit_wine[farmersdelight:cooking]'! Falling back to vanilla: Recipe component key 'experience' not found! Valid keys: [container?:input_item, result:output_item, cookingtime:ticks, ingredients:input_item[], experience:int]
[02:36:49] [WARN] Failed to parse recipe 'ends_delight:food/chorus_flower_tea[farmersdelight:cooking]'! Falling back to vanilla: Recipe component key 'experience' not found! Valid keys: [ingredients:input_item[], container?:input_item, cookingtime:ticks, result:output_item, experience:int]
[02:36:49] [WARN] Failed to parse recipe 'ancient_aether:ancient_rune[minecraft:crafting_shaped]'! Falling back to vanilla: ItemStack 'result' can't be empty!
[02:36:49] [WARN] Failed to parse recipe 'ends_delight:food/steamed_dragon_egg_block[farmersdelight:cooking]'! Falling back to vanilla: Recipe component key 'experience' not found! Valid keys: [result:output_item, container?:input_item, cookingtime:ticks, ingredients:input_item[], experience:int]
[02:36:49] [WARN] Failed to parse recipe 'outer_end:azure_vertical_slab[minecraft:crafting_shaped]'! Falling back to vanilla: ItemStack 'result' can't be empty!
[02:36:49] [WARN] Failed to parse recipe 'outer_end:azure_vertical_planks[minecraft:crafting_shaped]'! Falling back to vanilla: ItemStack 'result' can't be empty!
[02:36:49] [WARN] Failed to parse recipe 'outer_end:violite/vertical_slab[minecraft:crafting_shaped]'! Falling back to vanilla: ItemStack 'result' can't be empty!
[02:36:49] [WARN] Failed to parse recipe 'outer_end:violite/bricks/vertical_slab_violite_stonecutting[minecraft:stonecutting]'! Falling back to vanilla: ItemStack 'result' can't be empty!
[02:36:49] [WARN] Failed to parse recipe 'ends_delight:food/dragon_breath_and_chorus_soup[farmersdelight:cooking]'! Falling back to vanilla: Recipe component key 'experience' not found! Valid keys: [container?:input_item, cookingtime:ticks, result:output_item, ingredients:input_item[], experience:int]
[02:36:49] [WARN] Failed to parse recipe 'design_decor:stonecutting/metals/iron/bolt[minecraft:stonecutting]'! Falling back to vanilla: ItemStack 'result' can't be empty!
[02:36:49] [WARN] Failed to parse recipe 'outer_end:violite/vertical_slab_stonecutting[minecraft:stonecutting]'! Falling back to vanilla: ItemStack 'result' can't be empty!
[02:36:49] [WARN] Failed to parse recipe 'destroy:compat/alexscaves/crafting/glow_ink_bomb[minecraft:crafting_shapeless]'! Falling back to vanilla: Recipe component key 'ingredients' not found! Valid keys: [result:output_item, ingredients:input_item[]]
[02:36:49] [WARN] Failed to parse recipe 'farmersdelight:cutting/azure_pith[farmersdelight:cutting]'! Falling back to vanilla: Failed to parse custom ingredient ("farmersdelight:tool") from {"type":"farmersdelight:tool","tool":"axe"}: com.google.gson.JsonSyntaxException: Unknown ingredient type: farmersdelight:tool
[02:36:49] [WARN] Failed to parse recipe 'outer_end:azure_post[minecraft:crafting_shaped]'! Falling back to vanilla: ItemStack 'result' can't be empty!
[02:36:49] [WARN] Failed to parse recipe 'cratedelight:minecraft/crafting/salmon_crate[minecraft:crafting_shaped]'! Falling back to vanilla: ItemStack 'result' can't be empty!
[02:36:49] [WARN] Failed to parse recipe 'destroy:compat/alexscaves/crafting/ink_bomb[minecraft:crafting_shapeless]'! Falling back to vanilla: Recipe component key 'ingredients' not found! Valid keys: [result:output_item, ingredients:input_item[]]
[02:36:50] [WARN] Failed to parse recipe 'outer_end:violite/mossy_tiles/vertical_slab[minecraft:crafting_shaped]'! Falling back to vanilla: ItemStack 'result' can't be empty!
[02:36:50] [WARN] Failed to parse recipe 'ends_delight:food/ender_congee[farmersdelight:cooking]'! Falling back to vanilla: Recipe component key 'experience' not found! Valid keys: [result:output_item, container?:input_item, cookingtime:ticks, ingredients:input_item[], experience:int]
[02:36:50] [WARN] Failed to parse recipe 'farmersdelight:cutting/azure_stem[farmersdelight:cutting]'! Falling back to vanilla: Failed to parse custom ingredient ("farmersdelight:tool") from {"type":"farmersdelight:tool","tool":"axe"}: com.google.gson.JsonSyntaxException: Unknown ingredient type: farmersdelight:tool
[02:36:50] [WARN] Failed to parse recipe 'outer_end:violite/mossy_bricks/vertical_slab[minecraft:crafting_shaped]'! Falling back to vanilla: ItemStack 'result' can't be empty!
[02:36:50] [WARN] Failed to parse recipe 'farmersdelight:cutting/azure_trapdoor[farmersdelight:cutting]'! Falling back to vanilla: Failed to parse custom ingredient ("farmersdelight:tool") from {"type":"farmersdelight:tool","tool":"axe"}: com.google.gson.JsonSyntaxException: Unknown ingredient type: farmersdelight:tool
[02:36:50] [INFO] Found 16066 recipes in 2.294 s
[02:36:50] [INFO] Posted recipe events in 251.7 ms
[02:36:50] [WARN] Error parsing recipe outer_end:violite/bricks/slab_from_vertical_slab[minecraft:crafting_shaped]: {"type":"minecraft:crafting_shaped","pattern":[" "," "," "],"key":{},"result":{"item":"outer_end:violite_brick_slab","count":3}}: Index 0 out of bounds for length 0
[02:36:50] [WARN] Error parsing recipe outer_end:violite/mossy_tiles/slab_from_vertical_slab[minecraft:crafting_shaped]: {"type":"minecraft:crafting_shaped","pattern":[" "," "," "],"key":{},"result":{"item":"outer_end:mossy_violite_tile_slab","count":3}}: Index 0 out of bounds for length 0
[02:36:50] [WARN] Error parsing recipe outer_end:violite/tiles/slab_from_vertical_slab[minecraft:crafting_shaped]: {"type":"minecraft:crafting_shaped","pattern":[" "," "," "],"key":{},"result":{"item":"outer_end:violite_tile_slab","count":3}}: Index 0 out of bounds for length 0
[02:36:50] [WARN] Error parsing recipe design_decor:item_application/crushing_wheels/special_aluminum_cylinder[create:item_application]: {"type":"create:item_application","ingredients":[{"item":"design_decor:aluminum_boiler"},{"item":"minecraft:pink_dye"}],"results":[{"item":"design_decor:aluminum_boiler_special"}]}: Unknown item 'design_decor:aluminum_boiler'
[02:36:50] [WARN] Error parsing recipe outer_end:violite/slab_from_vertical_slab[minecraft:crafting_shaped]: {"type":"minecraft:crafting_shaped","pattern":[" "," "," "],"key":{},"result":{"item":"outer_end:violite_slab","count":3}}: Index 0 out of bounds for length 0
[02:36:50] [WARN] Error parsing recipe outer_end:azure_vertical_to_planks[minecraft:crafting_shaped]: {"type":"minecraft:crafting_shaped","pattern":[" "," "," "],"key":{},"result":{"item":"outer_end:azure_planks","count":3}}: Index 0 out of bounds for length 0
[02:36:50] [WARN] Error parsing recipe outer_end:azure_vertical_to_slab[minecraft:crafting_shaped]: {"type":"minecraft:crafting_shaped","pattern":[" "," "," "],"key":{},"result":{"item":"outer_end:azure_slab","count":3}}: Index 0 out of bounds for length 0
[02:36:50] [WARN] Error parsing recipe outer_end:violite/mossy_bricks/slab_from_vertical_slab[minecraft:crafting_shaped]: {"type":"minecraft:crafting_shaped","pattern":[" "," "," "],"key":{},"result":{"item":"outer_end:mossy_violite_brick_slab","count":3}}: Index 0 out of bounds for length 0
[02:36:50] [WARN] Error parsing recipe outer_end:himmel_vertical_to_slab[minecraft:crafting_shaped]: {"type":"minecraft:crafting_shaped","pattern":[" "," "," "],"key":{},"result":{"item":"outer_end:himmel_slab","count":3}}: Index 0 out of bounds for length 0
[02:36:50] [WARN] Error parsing recipe design_decor:item_application/millstones/special_aluminum_cylinder[create:item_application]: {"type":"create:item_application","ingredients":[{"item":"design_decor:aluminum_boiler"},{"item":"minecraft:pink_dye"}],"results":[{"item":"design_decor:aluminum_boiler_special"}]}: Unknown item 'design_decor:aluminum_boiler'
[02:36:51] [INFO] Added 0 recipes, removed 102 recipes, modified 8 recipes, with 10 failed recipes in 1.219 s
[02:37:47] [INFO] Server resource reload complete!
