[19:23:06.798][INFO][CraftTweaker-EarlyInit]: CraftTweaker is running on a Minecraft 1.20.1 production client modded with platform Forge
[19:23:06.936][INFO][CraftTweaker-EarlyInit]: Successfully injected RecipeFS file system
[19:23:07.253][INFO][CraftTweaker-Plugins]: Successfully identified and loaded plugin crafttweaker:builtin
[19:23:07.258][INFO][CraftTweaker-Plugins]: Successfully identified and loaded plugin crafttweaker:builtin_forge
[19:23:07.260][INFO][CraftTweaker-Plugins]: Successfully identified and loaded plugin createtweaker:main
[19:23:07.264][INFO][CraftTweaker-Plugins]: Successfully identified and loaded plugin farmersdelight:crafttweaker_plugin
[19:23:11.470][INFO][CraftTweaker]: The following mods have explicit CraftTweaker support through the default plugin:
[19:23:11.476][INFO][CraftTweaker]: - 'aether' at version '1.20.1-1.4.2-neoforge'
[19:23:11.476][INFO][CraftTweaker]: - 'crafttweaker' at version '14.0.40'
[19:23:11.476][INFO][CraftTweaker]: - 'createtweaker' at version '4.0.9'
[19:23:11.476][INFO][CraftTweaker]: - 'farmersdelight' at version '1.20.1-1.2.4'
[19:23:11.476][INFO][CraftTweaker]: - 'gateways' at version '4.2.4'
[19:24:18.126][INFO][CraftTweaker-ZenCode]: Started loading scripts for loader 'initialize'
[19:24:20.498][INFO][CraftTweaker-ZenCode]: Compiling and executing scripts
[19:24:20.614][INFO][CraftTweaker-ZenCode]: Successfully initialized modules [crafttweaker, expansions]
[19:24:20.884][INFO][CraftTweaker-ZenCode]: Execution for loader 'initialize' completed successfully
[19:25:13.100][INFO][CraftTweaker-ZenCode]: Started loading scripts for loader 'tags'
[19:25:13.123][INFO][CraftTweaker-ZenCode]: Compiling and executing scripts
[19:25:13.147][INFO][CraftTweaker-ZenCode]: Successfully initialized modules [crafttweaker, expansions]
[19:25:13.155][INFO][CraftTweaker-ZenCode]: Execution for loader 'tags' completed successfully
[19:25:17.636][INFO][CraftTweaker]: CraftTweaker reload starting!
[19:25:17.645][INFO][CraftTweaker-ZenCode]: Started loading scripts for loader 'crafttweaker'
[19:25:17.665][INFO][CraftTweaker-ZenCode]: Compiling and executing scripts
[19:25:18.075][INFO][CraftTweaker-ZenCode]: Successfully initialized modules [mods, crafttweaker, expansions]
[19:25:18.076][INFO][CraftTweaker-ZenCode]: Loading file 'crafttweaker.zs' with priority 0
[19:25:18.139][INFO][CraftTweaker]: Removing all "create_dd:superheating" recipes
[19:25:18.140][INFO][CraftTweaker]: Removing all "estrogen:centrifuging" recipes
[19:25:18.142][INFO][CraftTweaker]: Removing 'vintageimprovements:hammering' recipe(s) with name(s): '[vintageimprovements:hammering/netherite_ingot]'
[19:25:18.142][INFO][CraftTweaker]: Removing all "vintageimprovements:vacuumizing" recipes
[19:25:18.142][INFO][CraftTweaker]: Removing all "vintageimprovements:pressurizing" recipes
[19:25:18.142][INFO][CraftTweaker]: Removing all "vintageimprovements:coiling" recipes
[19:25:18.147][INFO][CraftTweaker]: Removing 'crafting' recipes with output: '<item:createaddition:iron_rod>'
[19:25:18.156][INFO][CraftTweaker]: Removing 'blasting' recipes with output: '<item:create_dd:steel_ingot>'
[19:25:18.161][INFO][CraftTweaker]: Adding 'minecraft:crafting' recipe, of type: "shaped", with name: 'crafttweaker:bundle_with_leather' that outputs: '<item:minecraft:bundle>'
[19:25:18.161][INFO][CraftTweaker]: Adding 'minecraft:crafting' recipe, of type: "shaped", with name: 'crafttweaker:bundle_with_rabbit' that outputs: '<item:minecraft:bundle>'
[19:25:18.161][INFO][CraftTweaker]: Removing 'crafting' recipes with output: '<item:cataclysm:ignitium_upgrade_smithing_template>'
[19:25:18.167][INFO][CraftTweaker]: Removing 'minecraft:crafting' recipe(s) with name(s): '[minecraft:lodestone]'
[19:25:18.167][INFO][CraftTweaker]: Removing 'crafting' recipes with output: '<item:alexscaves:nuclear_bomb>'
[19:25:18.172][INFO][CraftTweaker]: Adding 'create:mechanical_crafting' recipe, with name: 'crafttweaker:nuclear_bomb' that outputs: '<item:alexscaves:nuclear_bomb>'
[19:25:18.179][INFO][CraftTweaker]: Adding 'create:mixing' recipe, with name: 'crafttweaker:rusty_scrap_metal' that outputs: '<item:alexscaves:rusty_scrap_metal>'
[19:25:18.179][INFO][CraftTweaker]: Adding 'create:mixing' recipe, with name: 'crafttweaker:rusty_scrap_metal_plate' that outputs: '<item:alexscaves:rusty_scrap_metal_plate>'
[19:25:18.179][INFO][CraftTweaker]: Adding 'create:mixing' recipe, with name: 'crafttweaker:rusty_rebar' that outputs: '<item:alexscaves:rusty_rebar>'
[19:25:18.179][INFO][CraftTweaker]: Adding 'create:mixing' recipe, with name: 'crafttweaker:rusty_scaffolding' that outputs: '<item:alexscaves:rusty_scaffolding>'
[19:25:18.180][INFO][CraftTweaker]: Adding 'create:mixing' recipe, with name: 'crafttweaker:rusty_barrel' that outputs: '<item:alexscaves:rusty_barrel>'
[19:25:18.180][INFO][CraftTweaker]: Removing 'create:mechanical_crafting' recipes with output: '<item:minecraft:enchanted_golden_apple>'
[19:25:18.190][INFO][CraftTweaker]: Removing Brewing recipes that have an input of: <item:minecraft:potion>.withTag({Potion: "apotheosis:levitation"}), output of: <item:minecraft:potion>.withTag({Potion: "apotheosis:flying"}) and a reagent of: <item:minecraft:popped_chorus_fruit>
[19:25:18.192][INFO][CraftTweaker]: Removing 'create:item_application' recipes with output: '<item:create_dd:steel_casing>'
[19:25:18.196][INFO][CraftTweaker]: Adding 'create:item_application' recipe, with name: 'crafttweaker:steel_casing' that outputs: '<item:create_dd:steel_casing>'
[19:25:18.196][INFO][CraftTweaker]: Removing 'crafting' recipes with output: '<item:create_dd:industrial_iron_block>'
[19:25:18.203][INFO][CraftTweaker]: Removing 'crafting' recipes with output: '<item:create:industrial_iron_block>'
[19:25:18.209][INFO][CraftTweaker]: Removing 'stonecutting' recipes with output: '<item:create:industrial_iron_block>'
[19:25:18.211][INFO][CraftTweaker]: Removing 'create:compacting' recipes with output: '<item:create:industrial_iron_block>'
[19:25:18.211][INFO][CraftTweaker]: Removing 'create:mixing' recipes with output: '<item:createutilities:void_steel_ingot>'
[19:25:18.215][INFO][CraftTweaker]: Adding 'create:mixing' recipe, with name: 'crafttweaker:void_steel_void_core' that outputs: '<item:createutilities:void_steel_ingot> * 4'
[19:25:18.215][INFO][CraftTweaker]: Removing 'create:compacting' recipes with output: '<item:createdeco:industrial_iron_ingot>'
[19:25:18.215][INFO][CraftTweaker]: Removing 'create:compacting' recipes with output: '<item:create_dd:industrial_iron_ingot>'
[19:25:18.215][INFO][CraftTweaker]: Removing 'create:compacting' recipes with output: '<item:create_dd:steel_ingot>'
[19:25:18.216][INFO][CraftTweaker]: Adding 'create:compacting' recipe, with name: 'crafttweaker:industrial_iron_ingot' that outputs: '<item:create_dd:industrial_iron_ingot>'
[19:25:18.217][INFO][CraftTweaker]: Adding 'create:compacting' recipe, with name: 'crafttweaker:steel_ingot' that outputs: '<item:create_dd:steel_ingot> * 4'
[19:25:18.217][INFO][CraftTweaker]: Removing 'create_dd:superheating' recipes with output: '<item:create_dd:diamond_shard>'
[19:25:18.220][INFO][CraftTweaker]: Adding 'create:sequenced_assembly' recipe, with name: 'crafttweaker:sequenced_assembly/abstruse_mechanism' that outputs: '<item:create_dd:abstruse_mechanism>'
[19:25:18.220][INFO][CraftTweaker]: Adding 'minecraft:crafting' recipe, of type: "shaped", with name: 'crafttweaker:void_motor' that outputs: '<item:createutilities:void_motor>'
[19:25:18.221][INFO][CraftTweaker]: Adding 'minecraft:crafting' recipe, of type: "shaped", with name: 'crafttweaker:void_chest' that outputs: '<item:createutilities:void_chest>'
[19:25:18.221][INFO][CraftTweaker]: Adding 'minecraft:crafting' recipe, of type: "shaped", with name: 'crafttweaker:void_tank' that outputs: '<item:createutilities:void_tank>'
[19:25:18.221][INFO][CraftTweaker]: Adding 'minecraft:crafting' recipe, of type: "shaped", with name: 'crafttweaker:void_battery' that outputs: '<item:createutilities:void_battery>'
[19:25:18.221][INFO][CraftTweaker]: Adding 'create:mixing' recipe, with name: 'crafttweaker:shadow_steel' that outputs: '<item:create_dd:shadow_steel>'
[19:25:18.222][INFO][CraftTweaker]: Adding 'create:crushing' recipe, with name: 'crafttweaker:crushed_pink_salt_shard' that outputs: '<item:spelunkery:salt> * 2'
[19:25:18.222][INFO][CraftTweaker]: Removing 'minecraft:crafting' recipe(s) with name(s): '[vintagedelight:salt_bucket_to_salt]'
[19:25:18.222][INFO][CraftTweaker]: Removing 'minecraft:blasting' recipe(s) with name(s): '[spelunkery:copper_ore_blasting]'
[19:25:18.222][INFO][CraftTweaker]: Removing 'minecraft:blasting' recipe(s) with name(s): '[spelunkery:diamond_ore_blasting]'
[19:25:18.222][INFO][CraftTweaker]: Removing 'minecraft:blasting' recipe(s) with name(s): '[spelunkery:emerald_ore_blasting]'
[19:25:18.222][INFO][CraftTweaker]: Removing 'minecraft:blasting' recipe(s) with name(s): '[spelunkery:gold_ore_blasting]'
[19:25:18.222][INFO][CraftTweaker]: Removing 'minecraft:blasting' recipe(s) with name(s): '[spelunkery:iron_ore_blasting]'
[19:25:18.222][INFO][CraftTweaker]: Removing 'minecraft:blasting' recipe(s) with name(s): '[spelunkery:redstone_ore_blasting]'
[19:25:18.222][INFO][CraftTweaker]: Removing 'minecraft:blasting' recipe(s) with name(s): '[spelunkery:zinc_ore_blasting]'
[19:25:18.222][INFO][CraftTweaker]: Removing 'minecraft:smelting' recipe(s) with name(s): '[spelunkery:copper_ore_smelting]'
[19:25:18.222][INFO][CraftTweaker]: Removing 'minecraft:smelting' recipe(s) with name(s): '[spelunkery:diamond_ore_smelting]'
[19:25:18.222][INFO][CraftTweaker]: Removing 'minecraft:smelting' recipe(s) with name(s): '[spelunkery:emerald_ore_smelting]'
[19:25:18.222][INFO][CraftTweaker]: Removing 'minecraft:smelting' recipe(s) with name(s): '[spelunkery:gold_ore_smelting]'
[19:25:18.222][INFO][CraftTweaker]: Removing 'minecraft:smelting' recipe(s) with name(s): '[spelunkery:iron_ore_smelting]'
[19:25:18.222][INFO][CraftTweaker]: Removing 'minecraft:smelting' recipe(s) with name(s): '[spelunkery:redstone_ore_smelting]'
[19:25:18.222][INFO][CraftTweaker]: Removing 'minecraft:smelting' recipe(s) with name(s): '[spelunkery:zinc_ore_smelting]'
[19:25:18.222][INFO][CraftTweaker]: Removing 'create:crushing' recipes with output: '<item:create:crushed_raw_copper>'
[19:25:18.222][INFO][CraftTweaker]: Removing 'create:crushing' recipes with output: '<item:create:crushed_raw_gold>'
[19:25:18.222][INFO][CraftTweaker]: Removing 'create:crushing' recipes with output: '<item:create:crushed_raw_iron>'
[19:25:18.222][INFO][CraftTweaker]: Removing 'create:crushing' recipes with output: '<item:create:crushed_raw_silver>'
[19:25:18.222][INFO][CraftTweaker]: Removing 'create:crushing' recipes with output: '<item:create:crushed_raw_zinc>'
[19:25:18.222][INFO][CraftTweaker]: Removing 'create:crushing' recipes with output: '<item:minecraft:lapis_lazuli>'
[19:25:18.222][INFO][CraftTweaker]: Removing 'create:crushing' recipes with output: '<item:minecraft:redstone>'
[19:25:18.222][INFO][CraftTweaker]: Removing 'create:crushing' recipes with output: '<item:spelunkery:rough_cinnabar>'
[19:25:18.222][INFO][CraftTweaker]: Removing 'create:crushing' recipes with output: '<item:spelunkery:rough_diamond_shard>'
[19:25:18.222][INFO][CraftTweaker]: Removing 'create:crushing' recipes with output: '<item:spelunkery:rough_diamond>'
[19:25:18.222][INFO][CraftTweaker]: Removing 'create:crushing' recipes with output: '<item:spelunkery:rough_emerald>'
[19:25:18.222][INFO][CraftTweaker]: Removing 'create:crushing' recipes with output: '<item:spelunkery:rough_lazurite>'
[19:25:18.223][INFO][CraftTweaker]: Adding 'create:splashing' recipe, with name: 'crafttweaker:washed_silver' that outputs: '<item:galosphere:silver_nugget> * 9'
[19:25:18.223][INFO][CraftTweaker]: Adding 'create:crushing' recipe, with name: 'crafttweaker:crushed_copper_ore' that outputs: '<item:create:experience_nugget>'
[19:25:18.223][INFO][CraftTweaker]: Adding 'create:crushing' recipe, with name: 'crafttweaker:crushed_diamond_ore' that outputs: '<item:create:experience_nugget>'
[19:25:18.224][INFO][CraftTweaker]: Adding 'create:crushing' recipe, with name: 'crafttweaker:crushed_emerald_ore' that outputs: '<item:create:experience_nugget>'
[19:25:18.224][INFO][CraftTweaker]: Adding 'create:crushing' recipe, with name: 'crafttweaker:crushed_gold_ore' that outputs: '<item:create:experience_nugget>'
[19:25:18.224][INFO][CraftTweaker]: Adding 'create:crushing' recipe, with name: 'crafttweaker:crushed_iron_ore' that outputs: '<item:create:experience_nugget>'
[19:25:18.224][INFO][CraftTweaker]: Adding 'create:crushing' recipe, with name: 'crafttweaker:crushed_lapis_ore' that outputs: '<item:create:experience_nugget>'
[19:25:18.224][INFO][CraftTweaker]: Adding 'create:crushing' recipe, with name: 'crafttweaker:crushed_redstone_ore' that outputs: '<item:spelunkery:rough_cinnabar> * 5'
[19:25:18.224][INFO][CraftTweaker]: Adding 'create:crushing' recipe, with name: 'crafttweaker:crushed_silver_ore' that outputs: '<item:create:experience_nugget>'
[19:25:18.224][INFO][CraftTweaker]: Adding 'create:crushing' recipe, with name: 'crafttweaker:crushed_zinc_ore' that outputs: '<item:create:experience_nugget>'
[19:25:18.224][INFO][CraftTweaker]: Adding 'create:crushing' recipe, with name: 'crafttweaker:crushed_copper_block' that outputs: '<item:create:experience_nugget> * 9'
[19:25:18.225][INFO][CraftTweaker]: Adding 'create:crushing' recipe, with name: 'crafttweaker:crushed_gold_block' that outputs: '<item:create:experience_nugget> * 9'
[19:25:18.225][INFO][CraftTweaker]: Adding 'create:crushing' recipe, with name: 'crafttweaker:crushed_iron_block' that outputs: '<item:create:experience_nugget> * 9'
[19:25:18.225][INFO][CraftTweaker]: Adding 'create:crushing' recipe, with name: 'crafttweaker:crushed_magnetite_block' that outputs: '<item:create:experience_nugget> * 9'
[19:25:18.225][INFO][CraftTweaker]: Adding 'create:crushing' recipe, with name: 'crafttweaker:crushed_silver_block' that outputs: '<item:create:experience_nugget> * 9'
[19:25:18.225][INFO][CraftTweaker]: Adding 'create:crushing' recipe, with name: 'crafttweaker:crushed_zinc_block' that outputs: '<item:create:experience_nugget> * 9'
[19:25:18.225][INFO][CraftTweaker]: Adding 'create:crushing' recipe, with name: 'crafttweaker:crushed_cinnibar' that outputs: '<item:create:experience_nugget>'
[19:25:18.225][INFO][CraftTweaker]: Adding 'create:crushing' recipe, with name: 'crafttweaker:crushed_copper_raw' that outputs: '<item:create:experience_nugget>'
[19:25:18.226][INFO][CraftTweaker]: Adding 'create:crushing' recipe, with name: 'crafttweaker:crushed_gold_raw' that outputs: '<item:create:experience_nugget>'
[19:25:18.226][INFO][CraftTweaker]: Adding 'create:crushing' recipe, with name: 'crafttweaker:crushed_iron_raw' that outputs: '<item:create:experience_nugget>'
[19:25:18.226][INFO][CraftTweaker]: Adding 'create:crushing' recipe, with name: 'crafttweaker:crushed_magnetite_raw' that outputs: '<item:create:experience_nugget>'
[19:25:18.226][INFO][CraftTweaker]: Adding 'create:crushing' recipe, with name: 'crafttweaker:crushed_silver_raw' that outputs: '<item:create:experience_nugget>'
[19:25:18.226][INFO][CraftTweaker]: Adding 'create:crushing' recipe, with name: 'crafttweaker:crushed_zinc_raw' that outputs: '<item:create:experience_nugget>'
[19:25:18.226][INFO][CraftTweaker]: Adding 'create:crushing' recipe, with name: 'crafttweaker:crushed_pointed_redstone' that outputs: '<item:create:experience_nugget>'
[19:25:18.226][INFO][CraftTweaker]: Adding 'create:crushing' recipe, with name: 'crafttweaker:crushed_raw_redstone_block' that outputs: '<item:minecraft:redstone> * 3'
[19:25:18.226][INFO][CraftTweaker]: Adding 'create:crushing' recipe, with name: 'crafttweaker:crushed_redstone_bud' that outputs: '<item:create:experience_nugget>'
[19:25:18.227][INFO][CraftTweaker]: Adding 'create:crushing' recipe, with name: 'crafttweaker:crushed_redstone_bulb' that outputs: '<item:create:experience_nugget>'
[19:25:18.227][INFO][CraftTweaker]: Removing 'crafting' recipes with output: '<item:vintageimprovements:grinder_belt>'
[19:25:18.233][INFO][CraftTweaker]: Adding 'minecraft:crafting' recipe, of type: "shaped", with name: 'crafttweaker:diamond_grinder_belt' that outputs: '<item:vintageimprovements:grinder_belt>'
[19:25:18.233][INFO][CraftTweaker-ZenCode]: Execution for loader 'crafttweaker' completed successfully
[19:25:18.235][INFO][CraftTweaker]: CraftTweaker reload complete!
[19:25:18.235][INFO][CraftTweaker]: This reload was made possible by Jonathan McManus and more! Become a patron at https://patreon.com/jaredlll08?s=crtmod
