[00:00:01] [Server thread/ERROR]: Failed to execute LootRule minecraft:leather_boots/apotheosis:rare/ABILITY/0.33!
[00:00:03] [Server thread/ERROR]: Failed to execute LootRule minecraft:iron_boots/apotheosis:rare/ABILITY/0.33!
[00:00:04] [Server thread/ERROR]: Failed to execute LootRule minecraft:golden_boots/apotheosis:rare/ABILITY/0.33!
[00:00:04] [Server thread/ERROR]: Failed to execute LootRule minecraft:leather_helmet/apotheosis:rare/ABILITY/0.33!
[00:00:06] [Server thread/ERROR]: Failed to execute LootRule minecraft:leather_boots/apotheosis:rare/ABILITY/0.33!
[00:00:06] [Server thread/ERROR]: Failed to execute LootRule minecraft:leather_helmet/apotheosis:rare/ABILITY/0.33!
[00:00:06] [Server thread/ERROR]: Failed to execute LootRule minecraft:golden_helmet/apotheosis:rare/ABILITY/0.33!
[00:00:06] [Server thread/ERROR]: Failed to execute LootRule minecraft:golden_boots/apotheosis:rare/ABILITY/0.33!
[00:00:06] [Server thread/ERROR]: Failed to execute LootRule minecraft:leather_helmet/apotheosis:rare/ABILITY/0.33!
[00:00:07] [Server thread/ERROR]: Failed to execute LootRule minecraft:golden_boots/apotheosis:rare/ABILITY/0.33!
[00:00:07] [Server thread/ERROR]: Failed to execute LootRule minecraft:golden_helmet/apotheosis:rare/ABILITY/0.33!
[00:00:08] [Server thread/ERROR]: Failed to execute LootRule minecraft:golden_helmet/apotheosis:rare/ABILITY/0.33!
[00:00:11] [Server thread/ERROR]: Failed to execute LootRule minecraft:golden_helmet/apotheosis:rare/ABILITY/0.33!
[00:00:12] [Server thread/ERROR]: Failed to execute LootRule minecraft:golden_boots/apotheosis:rare/ABILITY/0.33!
[00:00:15] [Server thread/ERROR]: Failed to execute LootRule minecraft:iron_helmet/apotheosis:rare/ABILITY/0.33!
[00:00:15] [Server thread/ERROR]: Failed to execute LootRule minecraft:golden_boots/apotheosis:rare/ABILITY/0.33!
[00:00:16] [Server thread/ERROR]: Failed to execute LootRule minecraft:iron_helmet/apotheosis:rare/ABILITY/0.33!
[00:00:18] [Server thread/ERROR]: Failed to execute LootRule minecraft:leather_boots/apotheosis:rare/ABILITY/0.33!
[00:00:20] [Server thread/ERROR]: Failed to execute LootRule minecraft:iron_helmet/apotheosis:rare/ABILITY/0.33!
[00:00:23] [Server thread/ERROR]: Failed to execute LootRule minecraft:golden_helmet/apotheosis:rare/ABILITY/0.33!
[00:00:27] [Server thread/ERROR]: Failed to execute LootRule minecraft:iron_helmet/apotheosis:rare/ABILITY/0.33!
[00:00:28] [Server thread/ERROR]: Failed to execute LootRule minecraft:leather_helmet/apotheosis:rare/ABILITY/0.33!
[00:00:28] [Server thread/ERROR]: Failed to execute LootRule minecraft:golden_helmet/apotheosis:rare/ABILITY/0.33!
[00:00:30] [Server thread/ERROR]: Failed to execute LootRule minecraft:chainmail_helmet/apotheosis:rare/ABILITY/0.33!
[00:00:30] [Server thread/ERROR]: Failed to execute LootRule minecraft:golden_helmet/apotheosis:rare/ABILITY/0.33!
[00:00:31] [Server thread/ERROR]: Failed to execute LootRule minecraft:diamond_helmet/apotheosis:rare/ABILITY/0.33!
[00:00:32] [Server thread/INFO]: Saving and pausing game...
[00:00:33] [Server thread/INFO]: Saving chunks for level 'ServerLevel[gm_construct 13]'/minecraft:overworld
[00:00:33] [Server thread/INFO]: Saving chunks for level 'ServerLevel[gm_construct 13]'/aether:the_aether
[00:00:33] [Server thread/INFO]: Saving chunks for level 'ServerLevel[gm_construct 13]'/minecraft:the_nether
[00:00:33] [Server thread/INFO]: Saving chunks for level 'ServerLevel[gm_construct 13]'/minecraft:the_end
[00:00:33] [Server thread/INFO]: Saving chunks for level 'ServerLevel[gm_construct 13]'/create_dd:ponder
[00:00:33] [Server thread/INFO]: Saving chunks for level 'ServerLevel[gm_construct 13]'/ae2:spatial_storage
[00:01:02] [Server thread/INFO]: Saving and pausing game...
[00:01:02] [Server thread/INFO]: Saving chunks for level 'ServerLevel[gm_construct 13]'/minecraft:overworld
[00:01:02] [Server thread/INFO]: Saving chunks for level 'ServerLevel[gm_construct 13]'/aether:the_aether
[00:01:02] [Server thread/INFO]: Saving chunks for level 'ServerLevel[gm_construct 13]'/minecraft:the_nether
[00:01:02] [Server thread/INFO]: Saving chunks for level 'ServerLevel[gm_construct 13]'/minecraft:the_end
[00:01:02] [Server thread/INFO]: Saving chunks for level 'ServerLevel[gm_construct 13]'/create_dd:ponder
[00:01:02] [Server thread/INFO]: Saving chunks for level 'ServerLevel[gm_construct 13]'/ae2:spatial_storage
[00:01:21] [Server thread/ERROR]: Failed to execute LootRule minecraft:leather_boots/apotheosis:rare/ABILITY/0.33!
[00:01:21] [Server thread/ERROR]: Failed to execute LootRule minecraft:leather_boots/apotheosis:rare/ABILITY/0.33!
[00:01:22] [Server thread/ERROR]: Failed to execute LootRule minecraft:netherite_boots/apotheosis:rare/ABILITY/0.33!
[00:01:22] [Server thread/ERROR]: Failed to execute LootRule minecraft:leather_helmet/apotheosis:rare/ABILITY/0.33!
[00:01:24] [Server thread/INFO]: Saving and pausing game...
[00:01:24] [Server thread/INFO]: Saving chunks for level 'ServerLevel[gm_construct 13]'/minecraft:overworld
[00:01:24] [Server thread/INFO]: Saving chunks for level 'ServerLevel[gm_construct 13]'/aether:the_aether
[00:01:24] [Server thread/INFO]: Saving chunks for level 'ServerLevel[gm_construct 13]'/minecraft:the_nether
[00:01:24] [Server thread/INFO]: Saving chunks for level 'ServerLevel[gm_construct 13]'/minecraft:the_end
[00:01:24] [Server thread/INFO]: Saving chunks for level 'ServerLevel[gm_construct 13]'/create_dd:ponder
[00:01:24] [Server thread/INFO]: Saving chunks for level 'ServerLevel[gm_construct 13]'/ae2:spatial_storage
[00:03:16] [Server thread/ERROR]: Failed to execute LootRule minecraft:leather_boots/apotheosis:rare/ABILITY/0.33!
[00:03:17] [Server thread/ERROR]: Failed to execute LootRule minecraft:golden_boots/apotheosis:rare/ABILITY/0.33!
[00:03:17] [Server thread/ERROR]: Failed to execute LootRule minecraft:leather_boots/apotheosis:rare/ABILITY/0.33!
[00:03:18] [Server thread/ERROR]: Failed to execute LootRule minecraft:iron_helmet/apotheosis:rare/ABILITY/0.33!
[00:03:19] [Server thread/ERROR]: Failed to execute LootRule minecraft:golden_helmet/apotheosis:rare/ABILITY/0.33!
[00:03:20] [Server thread/ERROR]: Failed to execute LootRule minecraft:leather_boots/apotheosis:rare/ABILITY/0.33!
[00:03:23] [Server thread/ERROR]: Failed to execute LootRule minecraft:chainmail_helmet/apotheosis:rare/ABILITY/0.33!
[00:03:23] [Server thread/ERROR]: Failed to execute LootRule minecraft:iron_helmet/apotheosis:rare/ABILITY/0.33!
[00:03:24] [Server thread/ERROR]: Failed to execute LootRule minecraft:leather_boots/apotheosis:rare/ABILITY/0.33!
[00:03:24] [Server thread/ERROR]: Failed to execute LootRule minecraft:golden_helmet/apotheosis:rare/ABILITY/0.33!
[00:03:27] [Server thread/ERROR]: Failed to execute LootRule minecraft:netherite_boots/apotheosis:rare/ABILITY/0.33!
[00:03:29] [Server thread/ERROR]: Failed to execute LootRule minecraft:leather_helmet/apotheosis:rare/ABILITY/0.33!
[00:03:29] [Server thread/ERROR]: Failed to execute LootRule minecraft:diamond_helmet/apotheosis:rare/ABILITY/0.33!
[00:03:30] [Server thread/ERROR]: Failed to execute LootRule minecraft:chainmail_boots/apotheosis:rare/ABILITY/0.33!
[00:03:32] [Server thread/ERROR]: Failed to execute LootRule minecraft:leather_boots/apotheosis:rare/ABILITY/0.33!
[00:03:35] [Server thread/ERROR]: Failed to execute LootRule minecraft:golden_boots/apotheosis:rare/ABILITY/0.33!
[00:03:35] [Server thread/ERROR]: Failed to execute LootRule minecraft:iron_boots/apotheosis:rare/ABILITY/0.33!
[00:03:36] [Server thread/ERROR]: Failed to execute LootRule minecraft:leather_boots/apotheosis:rare/ABILITY/0.33!
[00:03:37] [Server thread/ERROR]: Failed to execute LootRule minecraft:leather_boots/apotheosis:rare/ABILITY/0.33!
[00:03:37] [Server thread/ERROR]: Failed to execute LootRule minecraft:leather_helmet/apotheosis:rare/ABILITY/0.33!
[00:03:39] [Server thread/ERROR]: Failed to execute LootRule minecraft:golden_boots/apotheosis:rare/ABILITY/0.33!
[00:03:41] [Server thread/ERROR]: Failed to execute LootRule minecraft:chainmail_boots/apotheosis:rare/ABILITY/0.33!
[00:03:42] [Server thread/ERROR]: Failed to execute LootRule minecraft:iron_helmet/apotheosis:rare/ABILITY/0.33!
[00:03:42] [Server thread/ERROR]: Failed to execute LootRule minecraft:golden_helmet/apotheosis:rare/ABILITY/0.33!
[00:03:42] [Server thread/ERROR]: Failed to execute LootRule minecraft:leather_boots/apotheosis:rare/ABILITY/0.33!
[00:03:48] [Server thread/ERROR]: Failed to execute LootRule minecraft:iron_helmet/apotheosis:rare/ABILITY/0.33!
[00:03:48] [Server thread/ERROR]: Failed to execute LootRule minecraft:chainmail_boots/apotheosis:rare/ABILITY/0.33!
[00:03:49] [Server thread/ERROR]: Failed to execute LootRule minecraft:iron_helmet/apotheosis:rare/ABILITY/0.33!
[00:03:50] [Server thread/ERROR]: Failed to execute LootRule minecraft:golden_helmet/apotheosis:rare/ABILITY/0.33!
[00:03:51] [Server thread/ERROR]: Failed to execute LootRule minecraft:golden_helmet/apotheosis:rare/ABILITY/0.33!
[00:03:55] [Server thread/ERROR]: Failed to execute LootRule minecraft:leather_boots/apotheosis:rare/ABILITY/0.33!
[00:03:55] [Server thread/ERROR]: Failed to execute LootRule minecraft:golden_boots/apotheosis:rare/ABILITY/0.33!
[00:03:57] [Server thread/ERROR]: Failed to execute LootRule minecraft:chainmail_helmet/apotheosis:rare/ABILITY/0.33!
[00:03:58] [Server thread/ERROR]: Failed to execute LootRule minecraft:iron_helmet/apotheosis:rare/ABILITY/0.33!
[00:04:02] [Server thread/ERROR]: Failed to execute LootRule minecraft:iron_helmet/apotheosis:rare/ABILITY/0.33!
[00:04:02] [Server thread/ERROR]: Failed to execute LootRule minecraft:leather_boots/apotheosis:rare/ABILITY/0.33!
[00:04:04] [Server thread/ERROR]: Failed to execute LootRule minecraft:golden_helmet/apotheosis:rare/ABILITY/0.33!
[00:04:04] [Server thread/ERROR]: Failed to execute LootRule minecraft:golden_boots/apotheosis:rare/ABILITY/0.33!
[00:04:06] [Server thread/ERROR]: Failed to execute LootRule minecraft:chainmail_boots/apotheosis:rare/ABILITY/0.33!
[00:04:07] [Server thread/ERROR]: Failed to execute LootRule minecraft:leather_boots/apotheosis:rare/ABILITY/0.33!
[00:04:08] [Server thread/ERROR]: Failed to execute LootRule minecraft:chainmail_helmet/apotheosis:rare/ABILITY/0.33!
[00:04:10] [Server thread/ERROR]: Failed to execute LootRule minecraft:leather_helmet/apotheosis:rare/ABILITY/0.33!
[00:04:10] [Server thread/ERROR]: Failed to execute LootRule minecraft:diamond_boots/apotheosis:rare/ABILITY/0.33!
[00:04:11] [Server thread/ERROR]: Failed to execute LootRule minecraft:chainmail_helmet/apotheosis:rare/ABILITY/0.33!
[00:04:13] [Server thread/ERROR]: Failed to execute LootRule minecraft:leather_boots/apotheosis:rare/ABILITY/0.33!
[00:04:14] [Server thread/ERROR]: Failed to execute LootRule minecraft:iron_boots/apotheosis:rare/ABILITY/0.33!
[00:04:15] [Server thread/ERROR]: Failed to execute LootRule minecraft:diamond_helmet/apotheosis:rare/ABILITY/0.33!
[00:04:15] [Server thread/ERROR]: Failed to execute LootRule minecraft:leather_boots/apotheosis:rare/ABILITY/0.33!
[00:04:16] [Server thread/ERROR]: Failed to execute LootRule minecraft:chainmail_helmet/apotheosis:rare/ABILITY/0.33!
[00:04:19] [Server thread/ERROR]: Failed to execute LootRule minecraft:leather_helmet/apotheosis:rare/ABILITY/0.33!
[00:04:20] [Server thread/ERROR]: Failed to execute LootRule minecraft:leather_boots/apotheosis:rare/ABILITY/0.33!
[00:04:20] [Server thread/ERROR]: Failed to execute LootRule minecraft:chainmail_boots/apotheosis:rare/ABILITY/0.33!
[00:04:20] [Server thread/ERROR]: Failed to execute LootRule minecraft:iron_boots/apotheosis:rare/ABILITY/0.33!
[00:04:20] [Server thread/ERROR]: Failed to execute LootRule minecraft:golden_helmet/apotheosis:rare/ABILITY/0.33!
[00:04:21] [Server thread/ERROR]: Failed to execute LootRule minecraft:golden_boots/apotheosis:rare/ABILITY/0.33!
[00:04:24] [Server thread/ERROR]: Failed to execute LootRule minecraft:diamond_boots/apotheosis:rare/ABILITY/0.33!
[00:04:26] [Server thread/ERROR]: Failed to execute LootRule minecraft:golden_helmet/apotheosis:rare/ABILITY/0.33!
[00:04:28] [Server thread/ERROR]: Failed to execute LootRule minecraft:iron_boots/apotheosis:rare/ABILITY/0.33!
[00:04:28] [Server thread/ERROR]: Failed to execute LootRule minecraft:chainmail_boots/apotheosis:rare/ABILITY/0.33!
[00:04:28] [Server thread/ERROR]: Failed to execute LootRule minecraft:golden_boots/apotheosis:rare/ABILITY/0.33!
[00:04:31] [Server thread/ERROR]: Failed to execute LootRule minecraft:leather_helmet/apotheosis:rare/ABILITY/0.33!
[00:04:36] [Server thread/ERROR]: Failed to execute LootRule minecraft:golden_helmet/apotheosis:rare/ABILITY/0.33!
[00:04:37] [Server thread/ERROR]: Failed to execute LootRule minecraft:golden_helmet/apotheosis:rare/ABILITY/0.33!
[00:04:39] [Server thread/ERROR]: Failed to execute LootRule minecraft:golden_helmet/apotheosis:rare/ABILITY/0.33!
[00:04:41] [Server thread/ERROR]: Failed to execute LootRule minecraft:golden_boots/apotheosis:rare/ABILITY/0.33!
[00:04:47] [Server thread/ERROR]: Failed to execute LootRule minecraft:diamond_boots/apotheosis:rare/ABILITY/0.33!
[00:04:48] [Server thread/ERROR]: Failed to execute LootRule minecraft:diamond_helmet/apotheosis:rare/ABILITY/0.33!
[00:04:48] [Server thread/ERROR]: Failed to execute LootRule minecraft:golden_helmet/apotheosis:rare/ABILITY/0.33!
[00:04:49] [Server thread/ERROR]: Failed to execute LootRule minecraft:iron_boots/apotheosis:rare/ABILITY/0.33!
[00:04:50] [Server thread/ERROR]: Failed to execute LootRule minecraft:golden_boots/apotheosis:rare/ABILITY/0.33!
[00:04:53] [Server thread/ERROR]: Failed to execute LootRule minecraft:golden_helmet/apotheosis:rare/ABILITY/0.33!
[00:04:55] [Server thread/ERROR]: Failed to execute LootRule minecraft:iron_boots/apotheosis:rare/ABILITY/0.33!
[00:04:57] [Server thread/ERROR]: Failed to execute LootRule minecraft:leather_helmet/apotheosis:rare/ABILITY/0.33!
[00:04:58] [Server thread/ERROR]: Failed to execute LootRule minecraft:iron_boots/apotheosis:rare/ABILITY/0.33!
[00:05:00] [Server thread/ERROR]: Failed to execute LootRule minecraft:netherite_boots/apotheosis:rare/ABILITY/0.33!
[00:05:00] [Server thread/ERROR]: Failed to execute LootRule minecraft:diamond_helmet/apotheosis:rare/ABILITY/0.33!
[00:05:03] [Server thread/ERROR]: Failed to execute LootRule minecraft:golden_boots/apotheosis:rare/ABILITY/0.33!
[00:05:04] [Server thread/ERROR]: Failed to execute LootRule minecraft:iron_boots/apotheosis:rare/ABILITY/0.33!
[00:05:04] [Server thread/ERROR]: Failed to execute LootRule minecraft:leather_boots/apotheosis:rare/ABILITY/0.33!
[00:05:04] [Server thread/ERROR]: Failed to execute LootRule minecraft:netherite_boots/apotheosis:rare/ABILITY/0.33!
[00:05:06] [Server thread/ERROR]: Failed to execute LootRule minecraft:leather_boots/apotheosis:rare/ABILITY/0.33!
[00:05:07] [Server thread/ERROR]: Failed to execute LootRule minecraft:chainmail_boots/apotheosis:rare/ABILITY/0.33!
[00:05:12] [Server thread/ERROR]: Failed to execute LootRule minecraft:golden_boots/apotheosis:rare/ABILITY/0.33!
[00:05:12] [Server thread/ERROR]: Failed to execute LootRule minecraft:chainmail_boots/apotheosis:rare/ABILITY/0.33!
[00:05:12] [Server thread/ERROR]: Failed to execute LootRule minecraft:chainmail_boots/apotheosis:rare/ABILITY/0.33!
[00:05:14] [Server thread/ERROR]: Failed to execute LootRule minecraft:chainmail_boots/apotheosis:rare/ABILITY/0.33!
[00:05:14] [Server thread/ERROR]: Failed to execute LootRule minecraft:leather_boots/apotheosis:rare/ABILITY/0.33!
[00:05:15] [Server thread/ERROR]: Failed to execute LootRule minecraft:leather_helmet/apotheosis:rare/ABILITY/0.33!
[00:05:16] [Server thread/ERROR]: Failed to execute LootRule minecraft:iron_helmet/apotheosis:rare/ABILITY/0.33!
[00:05:17] [Server thread/ERROR]: Failed to execute LootRule minecraft:leather_boots/apotheosis:rare/ABILITY/0.33!
[00:05:19] [Server thread/ERROR]: Failed to execute LootRule minecraft:golden_boots/apotheosis:rare/ABILITY/0.33!
[00:05:19] [Server thread/ERROR]: Failed to execute LootRule minecraft:iron_helmet/apotheosis:rare/ABILITY/0.33!
[00:05:19] [Server thread/ERROR]: Failed to execute LootRule minecraft:leather_boots/apotheosis:rare/ABILITY/0.33!
[00:05:21] [Server thread/ERROR]: Failed to execute LootRule minecraft:diamond_helmet/apotheosis:rare/ABILITY/0.33!
[00:05:21] [Server thread/ERROR]: Failed to execute LootRule minecraft:chainmail_boots/apotheosis:rare/ABILITY/0.33!
[00:05:22] [Server thread/ERROR]: Failed to execute LootRule minecraft:diamond_helmet/apotheosis:rare/ABILITY/0.33!
[00:05:22] [Server thread/ERROR]: Failed to execute LootRule minecraft:golden_boots/apotheosis:rare/ABILITY/0.33!
[00:05:22] [Server thread/ERROR]: Failed to execute LootRule minecraft:iron_helmet/apotheosis:rare/ABILITY/0.33!
[00:05:23] [Server thread/ERROR]: Failed to execute LootRule minecraft:diamond_helmet/apotheosis:rare/ABILITY/0.33!
[00:05:24] [Server thread/ERROR]: Failed to execute LootRule minecraft:leather_helmet/apotheosis:rare/ABILITY/0.33!
[00:05:24] [Server thread/ERROR]: Failed to execute LootRule minecraft:golden_boots/apotheosis:rare/ABILITY/0.33!
[00:05:24] [Server thread/ERROR]: Failed to execute LootRule minecraft:golden_helmet/apotheosis:rare/ABILITY/0.33!
[00:05:26] [Server thread/ERROR]: Failed to execute LootRule minecraft:golden_boots/apotheosis:rare/ABILITY/0.33!
[00:05:26] [Server thread/ERROR]: Failed to execute LootRule minecraft:leather_helmet/apotheosis:rare/ABILITY/0.33!
[00:05:27] [Server thread/ERROR]: Failed to execute LootRule minecraft:golden_helmet/apotheosis:rare/ABILITY/0.33!
[00:05:27] [Server thread/ERROR]: Failed to execute LootRule minecraft:golden_boots/apotheosis:rare/ABILITY/0.33!
[00:05:29] [Server thread/ERROR]: Failed to execute LootRule minecraft:golden_helmet/apotheosis:rare/ABILITY/0.33!
[00:05:32] [Server thread/ERROR]: Failed to execute LootRule minecraft:iron_helmet/apotheosis:rare/ABILITY/0.33!
[00:05:38] [Server thread/ERROR]: Failed to execute LootRule minecraft:golden_helmet/apotheosis:rare/ABILITY/0.33!
[00:05:42] [Server thread/ERROR]: Failed to execute LootRule minecraft:golden_boots/apotheosis:rare/ABILITY/0.33!
[00:05:42] [Server thread/ERROR]: Failed to execute LootRule minecraft:diamond_boots/apotheosis:rare/ABILITY/0.33!
[00:05:45] [Server thread/ERROR]: Failed to execute LootRule minecraft:leather_boots/apotheosis:rare/ABILITY/0.33!
[00:05:47] [Server thread/ERROR]: Failed to execute LootRule minecraft:iron_helmet/apotheosis:rare/ABILITY/0.33!
[00:05:48] [Server thread/ERROR]: Failed to execute LootRule minecraft:iron_helmet/apotheosis:rare/ABILITY/0.33!
[00:05:48] [Server thread/ERROR]: Failed to execute LootRule minecraft:golden_boots/apotheosis:rare/ABILITY/0.33!
[00:05:49] [Server thread/ERROR]: Failed to execute LootRule minecraft:iron_boots/apotheosis:rare/ABILITY/0.33!
[00:05:51] [Server thread/ERROR]: Failed to execute LootRule minecraft:golden_helmet/apotheosis:rare/ABILITY/0.33!
[00:05:51] [Server thread/ERROR]: Failed to execute LootRule minecraft:chainmail_boots/apotheosis:rare/ABILITY/0.33!
[00:05:52] [Server thread/ERROR]: Failed to execute LootRule minecraft:chainmail_helmet/apotheosis:rare/ABILITY/0.33!
[00:05:53] [Server thread/ERROR]: Failed to execute LootRule minecraft:leather_boots/apotheosis:rare/ABILITY/0.33!
[00:05:55] [Server thread/ERROR]: Failed to execute LootRule minecraft:leather_boots/apotheosis:rare/ABILITY/0.33!
[00:05:57] [Server thread/ERROR]: Failed to execute LootRule minecraft:golden_helmet/apotheosis:rare/ABILITY/0.33!
[00:05:57] [Server thread/ERROR]: Failed to execute LootRule minecraft:leather_helmet/apotheosis:rare/ABILITY/0.33!
[00:05:58] [Server thread/ERROR]: Failed to execute LootRule minecraft:golden_boots/apotheosis:rare/ABILITY/0.33!
[00:05:59] [Server thread/ERROR]: Failed to execute LootRule minecraft:golden_helmet/apotheosis:rare/ABILITY/0.33!
[00:05:59] [Server thread/ERROR]: Failed to execute LootRule minecraft:iron_helmet/apotheosis:rare/ABILITY/0.33!
[00:06:00] [Server thread/ERROR]: Failed to execute LootRule minecraft:leather_helmet/apotheosis:rare/ABILITY/0.33!
[00:06:03] [Server thread/ERROR]: Failed to execute LootRule minecraft:golden_boots/apotheosis:rare/ABILITY/0.33!
[00:06:05] [Server thread/ERROR]: Failed to execute LootRule minecraft:leather_boots/apotheosis:rare/ABILITY/0.33!
[00:06:05] [Server thread/ERROR]: Failed to execute LootRule minecraft:golden_boots/apotheosis:rare/ABILITY/0.33!
[00:06:06] [Server thread/ERROR]: Failed to execute LootRule minecraft:leather_helmet/apotheosis:rare/ABILITY/0.33!
[00:06:08] [Server thread/ERROR]: Failed to execute LootRule minecraft:leather_boots/apotheosis:rare/ABILITY/0.33!
[00:06:09] [Server thread/ERROR]: Failed to execute LootRule minecraft:iron_helmet/apotheosis:rare/ABILITY/0.33!
[00:06:10] [Server thread/ERROR]: Failed to execute LootRule minecraft:diamond_boots/apotheosis:rare/ABILITY/0.33!
[00:06:12] [Server thread/ERROR]: Failed to execute LootRule minecraft:chainmail_helmet/apotheosis:rare/ABILITY/0.33!
[00:06:13] [Server thread/ERROR]: Failed to execute LootRule minecraft:leather_boots/apotheosis:rare/ABILITY/0.33!
[00:06:13] [Server thread/ERROR]: Failed to execute LootRule minecraft:golden_helmet/apotheosis:rare/ABILITY/0.33!
[00:06:13] [Server thread/ERROR]: Failed to execute LootRule minecraft:golden_helmet/apotheosis:rare/ABILITY/0.33!
[00:06:14] [Server thread/ERROR]: Failed to execute LootRule minecraft:iron_helmet/apotheosis:rare/ABILITY/0.33!
[00:06:15] [Server thread/ERROR]: Failed to execute LootRule minecraft:golden_boots/apotheosis:rare/ABILITY/0.33!
[00:06:17] [Server thread/ERROR]: Failed to execute LootRule minecraft:golden_boots/apotheosis:rare/ABILITY/0.33!
[00:06:19] [Server thread/ERROR]: Failed to execute LootRule minecraft:iron_boots/apotheosis:rare/ABILITY/0.33!
[00:06:21] [Server thread/ERROR]: Failed to execute LootRule minecraft:golden_helmet/apotheosis:rare/ABILITY/0.33!
[00:06:22] [Server thread/ERROR]: Failed to execute LootRule minecraft:golden_helmet/apotheosis:rare/ABILITY/0.33!
[00:06:22] [Server thread/ERROR]: Failed to execute LootRule minecraft:leather_boots/apotheosis:rare/ABILITY/0.33!
[00:06:22] [Server thread/ERROR]: Failed to execute LootRule minecraft:golden_helmet/apotheosis:rare/ABILITY/0.33!
[00:06:23] [Server thread/ERROR]: Failed to execute LootRule minecraft:chainmail_helmet/apotheosis:rare/ABILITY/0.33!
[00:06:23] [Server thread/ERROR]: Failed to execute LootRule minecraft:leather_boots/apotheosis:rare/ABILITY/0.33!
[00:06:23] [Server thread/ERROR]: Failed to execute LootRule minecraft:chainmail_boots/apotheosis:rare/ABILITY/0.33!
[00:06:24] [Server thread/ERROR]: Failed to execute LootRule minecraft:chainmail_boots/apotheosis:rare/ABILITY/0.33!
[00:06:24] [Server thread/ERROR]: Failed to execute LootRule minecraft:golden_helmet/apotheosis:rare/ABILITY/0.33!
[00:06:25] [Server thread/ERROR]: Failed to execute LootRule minecraft:leather_helmet/apotheosis:rare/ABILITY/0.33!
[00:06:25] [Server thread/ERROR]: Failed to execute LootRule minecraft:golden_boots/apotheosis:rare/ABILITY/0.33!
[00:06:26] [Server thread/ERROR]: Failed to execute LootRule minecraft:leather_helmet/apotheosis:rare/ABILITY/0.33!
[00:06:30] [Server thread/ERROR]: Failed to execute LootRule minecraft:golden_boots/apotheosis:rare/ABILITY/0.33!
[00:06:32] [Server thread/ERROR]: Failed to execute LootRule minecraft:chainmail_boots/apotheosis:rare/ABILITY/0.33!
[00:06:35] [Server thread/ERROR]: Failed to execute LootRule minecraft:golden_helmet/apotheosis:rare/ABILITY/0.33!
[00:06:36] [Server thread/ERROR]: Failed to execute LootRule minecraft:golden_boots/apotheosis:rare/ABILITY/0.33!
[00:06:38] [Server thread/ERROR]: Failed to execute LootRule minecraft:golden_helmet/apotheosis:rare/ABILITY/0.33!
[00:06:38] [Server thread/ERROR]: Failed to execute LootRule minecraft:leather_boots/apotheosis:rare/ABILITY/0.33!
[00:06:39] [Server thread/ERROR]: Failed to execute LootRule minecraft:golden_helmet/apotheosis:rare/ABILITY/0.33!
[00:06:40] [Server thread/ERROR]: Failed to execute LootRule minecraft:diamond_boots/apotheosis:rare/ABILITY/0.33!
[00:06:41] [Server thread/ERROR]: Failed to execute LootRule minecraft:leather_helmet/apotheosis:rare/ABILITY/0.33!
[00:06:45] [Server thread/ERROR]: Failed to execute LootRule minecraft:golden_helmet/apotheosis:rare/ABILITY/0.33!
[00:06:46] [Server thread/ERROR]: Failed to execute LootRule minecraft:golden_helmet/apotheosis:rare/ABILITY/0.33!
[00:06:50] [Server thread/ERROR]: Failed to execute LootRule minecraft:leather_boots/apotheosis:rare/ABILITY/0.33!
[00:06:52] [Server thread/ERROR]: Failed to execute LootRule minecraft:golden_boots/apotheosis:rare/ABILITY/0.33!
[00:06:53] [Server thread/ERROR]: Failed to execute LootRule minecraft:chainmail_helmet/apotheosis:rare/ABILITY/0.33!
[00:06:55] [Server thread/ERROR]: Failed to execute LootRule minecraft:leather_boots/apotheosis:rare/ABILITY/0.33!
[00:06:55] [Server thread/ERROR]: Failed to execute LootRule minecraft:golden_boots/apotheosis:rare/ABILITY/0.33!
[00:06:57] [Server thread/ERROR]: Failed to execute LootRule minecraft:golden_boots/apotheosis:rare/ABILITY/0.33!
[00:06:58] [Server thread/ERROR]: Failed to execute LootRule minecraft:golden_helmet/apotheosis:rare/ABILITY/0.33!
[00:06:58] [Server thread/ERROR]: Failed to execute LootRule minecraft:chainmail_boots/apotheosis:rare/ABILITY/0.33!
[00:07:00] [Server thread/ERROR]: Failed to execute LootRule minecraft:leather_helmet/apotheosis:rare/ABILITY/0.33!
[00:07:00] [Server thread/ERROR]: Failed to execute LootRule minecraft:diamond_helmet/apotheosis:rare/ABILITY/0.33!
[00:07:00] [Server thread/ERROR]: Failed to execute LootRule minecraft:golden_helmet/apotheosis:rare/ABILITY/0.33!
[00:07:01] [Server thread/ERROR]: Failed to execute LootRule minecraft:diamond_boots/apotheosis:rare/ABILITY/0.33!
[00:07:01] [Server thread/ERROR]: Failed to execute LootRule minecraft:chainmail_boots/apotheosis:rare/ABILITY/0.33!
[00:07:02] [Server thread/ERROR]: Failed to execute LootRule minecraft:iron_boots/apotheosis:rare/ABILITY/0.33!
[00:07:03] [Server thread/ERROR]: Failed to execute LootRule minecraft:golden_helmet/apotheosis:rare/ABILITY/0.33!
[00:07:04] [Server thread/ERROR]: Failed to execute LootRule minecraft:leather_boots/apotheosis:rare/ABILITY/0.33!
[00:07:05] [Server thread/ERROR]: Failed to execute LootRule minecraft:golden_boots/apotheosis:rare/ABILITY/0.33!
[00:07:06] [Server thread/ERROR]: Failed to execute LootRule minecraft:golden_boots/apotheosis:rare/ABILITY/0.33!
[00:07:07] [Server thread/ERROR]: Failed to execute LootRule minecraft:golden_helmet/apotheosis:rare/ABILITY/0.33!
[00:07:07] [Server thread/ERROR]: Failed to execute LootRule minecraft:leather_boots/apotheosis:rare/ABILITY/0.33!
[00:07:10] [Server thread/ERROR]: Failed to execute LootRule minecraft:golden_boots/apotheosis:rare/ABILITY/0.33!
[00:07:11] [Server thread/ERROR]: Failed to execute LootRule minecraft:golden_boots/apotheosis:rare/ABILITY/0.33!
[00:07:12] [Server thread/ERROR]: Failed to execute LootRule minecraft:golden_helmet/apotheosis:rare/ABILITY/0.33!
[00:07:14] [Server thread/ERROR]: Failed to execute LootRule minecraft:leather_helmet/apotheosis:rare/ABILITY/0.33!
[00:07:14] [Server thread/ERROR]: Failed to execute LootRule minecraft:golden_helmet/apotheosis:rare/ABILITY/0.33!
[00:07:17] [Server thread/ERROR]: Failed to execute LootRule minecraft:golden_boots/apotheosis:rare/ABILITY/0.33!
[00:07:19] [Server thread/ERROR]: Failed to execute LootRule minecraft:chainmail_helmet/apotheosis:rare/ABILITY/0.33!
[00:07:21] [Server thread/ERROR]: Failed to execute LootRule minecraft:iron_helmet/apotheosis:rare/ABILITY/0.33!
[00:07:22] [Server thread/ERROR]: Failed to execute LootRule minecraft:iron_helmet/apotheosis:rare/ABILITY/0.33!
[00:07:22] [Server thread/ERROR]: Failed to execute LootRule minecraft:diamond_helmet/apotheosis:rare/ABILITY/0.33!
[00:07:23] [Server thread/ERROR]: Failed to execute LootRule minecraft:golden_helmet/apotheosis:rare/ABILITY/0.33!
[00:07:23] [Server thread/ERROR]: Failed to execute LootRule minecraft:leather_helmet/apotheosis:rare/ABILITY/0.33!
[00:07:24] [Server thread/ERROR]: Failed to execute LootRule minecraft:iron_helmet/apotheosis:rare/ABILITY/0.33!
[00:07:24] [Server thread/ERROR]: Failed to execute LootRule minecraft:iron_boots/apotheosis:rare/ABILITY/0.33!
[00:07:24] [Server thread/ERROR]: Failed to execute LootRule minecraft:leather_boots/apotheosis:rare/ABILITY/0.33!
[00:07:26] [Server thread/ERROR]: Failed to execute LootRule minecraft:golden_boots/apotheosis:rare/ABILITY/0.33!
[00:07:26] [Server thread/ERROR]: Failed to execute LootRule minecraft:golden_helmet/apotheosis:rare/ABILITY/0.33!
[00:07:27] [Server thread/ERROR]: Failed to execute LootRule minecraft:leather_boots/apotheosis:rare/ABILITY/0.33!
[00:07:27] [Server thread/ERROR]: Failed to execute LootRule minecraft:golden_boots/apotheosis:rare/ABILITY/0.33!
[00:07:27] [Server thread/ERROR]: Failed to execute LootRule minecraft:golden_boots/apotheosis:rare/ABILITY/0.33!
[00:07:27] [Server thread/ERROR]: Failed to execute LootRule minecraft:golden_helmet/apotheosis:rare/ABILITY/0.33!
[00:07:28] [Server thread/ERROR]: Failed to execute LootRule minecraft:leather_boots/apotheosis:rare/ABILITY/0.33!
[00:07:29] [Server thread/ERROR]: Failed to execute LootRule minecraft:chainmail_boots/apotheosis:rare/ABILITY/0.33!
[00:07:31] [Server thread/ERROR]: Failed to execute LootRule minecraft:iron_boots/apotheosis:rare/ABILITY/0.33!
[00:07:36] [Server thread/ERROR]: Failed to execute LootRule minecraft:iron_helmet/apotheosis:rare/ABILITY/0.33!
[00:07:36] [Server thread/ERROR]: Failed to execute LootRule minecraft:golden_helmet/apotheosis:rare/ABILITY/0.33!
[00:07:37] [Server thread/ERROR]: Failed to execute LootRule minecraft:iron_helmet/apotheosis:rare/ABILITY/0.33!
[00:07:43] [Server thread/ERROR]: Failed to execute LootRule minecraft:leather_boots/apotheosis:rare/ABILITY/0.33!
[00:07:43] [Server thread/ERROR]: Failed to execute LootRule minecraft:netherite_boots/apotheosis:rare/ABILITY/0.33!
[00:07:45] [Server thread/ERROR]: Failed to execute LootRule minecraft:diamond_helmet/apotheosis:rare/ABILITY/0.33!
[00:07:45] [Server thread/ERROR]: Failed to execute LootRule minecraft:golden_helmet/apotheosis:rare/ABILITY/0.33!
[00:07:45] [Server thread/ERROR]: Failed to execute LootRule minecraft:leather_boots/apotheosis:rare/ABILITY/0.33!
[00:07:46] [Server thread/ERROR]: Failed to execute LootRule minecraft:leather_helmet/apotheosis:rare/ABILITY/0.33!
[00:07:50] [Server thread/ERROR]: Failed to execute LootRule minecraft:golden_boots/apotheosis:rare/ABILITY/0.33!
[00:07:50] [Server thread/ERROR]: Failed to execute LootRule minecraft:golden_helmet/apotheosis:rare/ABILITY/0.33!
[00:07:52] [Server thread/ERROR]: Failed to execute LootRule minecraft:chainmail_boots/apotheosis:rare/ABILITY/0.33!
[00:07:52] [Server thread/ERROR]: Failed to execute LootRule minecraft:leather_boots/apotheosis:rare/ABILITY/0.33!
[00:07:53] [Server thread/ERROR]: Failed to execute LootRule minecraft:chainmail_helmet/apotheosis:rare/ABILITY/0.33!
[00:07:53] [Server thread/ERROR]: Failed to execute LootRule minecraft:iron_boots/apotheosis:rare/ABILITY/0.33!
[00:07:55] [Server thread/ERROR]: Failed to execute LootRule minecraft:golden_helmet/apotheosis:rare/ABILITY/0.33!
[00:07:58] [Server thread/ERROR]: Failed to execute LootRule minecraft:chainmail_boots/apotheosis:rare/ABILITY/0.33!
[00:07:59] [Server thread/ERROR]: Failed to execute LootRule minecraft:golden_boots/apotheosis:rare/ABILITY/0.33!
[00:07:59] [Server thread/ERROR]: Failed to execute LootRule minecraft:iron_helmet/apotheosis:rare/ABILITY/0.33!
[00:08:01] [Server thread/ERROR]: Failed to execute LootRule minecraft:chainmail_boots/apotheosis:rare/ABILITY/0.33!
[00:08:03] [Server thread/ERROR]: Failed to execute LootRule minecraft:chainmail_helmet/apotheosis:rare/ABILITY/0.33!
[00:08:04] [Server thread/ERROR]: Failed to execute LootRule minecraft:diamond_boots/apotheosis:rare/ABILITY/0.33!
[00:08:06] [Server thread/ERROR]: Failed to execute LootRule minecraft:iron_helmet/apotheosis:rare/ABILITY/0.33!
[00:08:07] [Server thread/ERROR]: Failed to execute LootRule minecraft:leather_helmet/apotheosis:rare/ABILITY/0.33!
[00:08:08] [Server thread/ERROR]: Failed to execute LootRule minecraft:golden_boots/apotheosis:rare/ABILITY/0.33!
[00:08:10] [Server thread/ERROR]: Failed to execute LootRule minecraft:leather_boots/apotheosis:rare/ABILITY/0.33!
[00:08:11] [Server thread/ERROR]: Failed to execute LootRule minecraft:iron_helmet/apotheosis:rare/ABILITY/0.33!
[00:08:12] [Server thread/ERROR]: Failed to execute LootRule minecraft:leather_helmet/apotheosis:rare/ABILITY/0.33!
[00:08:13] [Server thread/ERROR]: Failed to execute LootRule minecraft:golden_helmet/apotheosis:rare/ABILITY/0.33!
[00:08:18] [Server thread/ERROR]: Failed to execute LootRule minecraft:leather_helmet/apotheosis:rare/ABILITY/0.33!
[00:08:20] [Server thread/ERROR]: Failed to execute LootRule minecraft:leather_helmet/apotheosis:rare/ABILITY/0.33!
[00:08:22] [Server thread/ERROR]: Failed to execute LootRule minecraft:chainmail_boots/apotheosis:rare/ABILITY/0.33!
[00:08:24] [Server thread/ERROR]: Failed to execute LootRule minecraft:chainmail_helmet/apotheosis:rare/ABILITY/0.33!
[00:08:24] [Server thread/ERROR]: Failed to execute LootRule minecraft:golden_helmet/apotheosis:rare/ABILITY/0.33!
[00:08:26] [Server thread/ERROR]: Failed to execute LootRule minecraft:leather_boots/apotheosis:rare/ABILITY/0.33!
[00:08:28] [Server thread/ERROR]: Failed to execute LootRule minecraft:netherite_helmet/apotheosis:rare/ABILITY/0.33!
[00:08:29] [Server thread/ERROR]: Failed to execute LootRule minecraft:iron_boots/apotheosis:rare/ABILITY/0.33!
[00:08:30] [Server thread/ERROR]: Failed to execute LootRule minecraft:chainmail_helmet/apotheosis:rare/ABILITY/0.33!
[00:08:30] [Server thread/ERROR]: Failed to execute LootRule minecraft:netherite_boots/apotheosis:rare/ABILITY/0.33!
[00:08:32] [Server thread/ERROR]: Failed to execute LootRule minecraft:golden_helmet/apotheosis:rare/ABILITY/0.33!
[00:08:33] [Server thread/ERROR]: Failed to execute LootRule minecraft:leather_boots/apotheosis:rare/ABILITY/0.33!
[00:08:34] [Server thread/ERROR]: Failed to execute LootRule minecraft:iron_helmet/apotheosis:rare/ABILITY/0.33!
[00:08:34] [Server thread/ERROR]: Failed to execute LootRule minecraft:leather_helmet/apotheosis:rare/ABILITY/0.33!
[00:08:34] [Server thread/ERROR]: Failed to execute LootRule minecraft:chainmail_helmet/apotheosis:rare/ABILITY/0.33!
[00:08:35] [Server thread/ERROR]: Failed to execute LootRule minecraft:diamond_helmet/apotheosis:rare/ABILITY/0.33!
[00:08:40] [Server thread/ERROR]: Failed to execute LootRule minecraft:diamond_boots/apotheosis:rare/ABILITY/0.33!
[00:08:40] [Server thread/ERROR]: Failed to execute LootRule minecraft:leather_boots/apotheosis:rare/ABILITY/0.33!
[00:08:40] [Server thread/ERROR]: Failed to execute LootRule minecraft:leather_helmet/apotheosis:rare/ABILITY/0.33!
[00:08:41] [Server thread/ERROR]: Failed to execute LootRule minecraft:iron_boots/apotheosis:rare/ABILITY/0.33!
[00:08:43] [Server thread/ERROR]: Failed to execute LootRule minecraft:iron_helmet/apotheosis:rare/ABILITY/0.33!
[00:08:43] [Server thread/ERROR]: Failed to execute LootRule minecraft:leather_helmet/apotheosis:rare/ABILITY/0.33!
[00:08:44] [Server thread/ERROR]: Failed to execute LootRule minecraft:chainmail_helmet/apotheosis:rare/ABILITY/0.33!
[00:08:45] [Server thread/ERROR]: Failed to execute LootRule minecraft:leather_helmet/apotheosis:rare/ABILITY/0.33!
[00:08:46] [Server thread/ERROR]: Failed to execute LootRule minecraft:leather_helmet/apotheosis:rare/ABILITY/0.33!
[00:08:48] [Server thread/INFO]: Saving and pausing game...
[00:08:48] [Server thread/INFO]: Saving chunks for level 'ServerLevel[gm_construct 13]'/minecraft:overworld
[00:08:48] [Server thread/INFO]: Saving chunks for level 'ServerLevel[gm_construct 13]'/aether:the_aether
[00:08:48] [Server thread/INFO]: Saving chunks for level 'ServerLevel[gm_construct 13]'/minecraft:the_nether
[00:08:48] [Server thread/INFO]: Saving chunks for level 'ServerLevel[gm_construct 13]'/minecraft:the_end
[00:08:48] [Server thread/INFO]: Saving chunks for level 'ServerLevel[gm_construct 13]'/create_dd:ponder
[00:08:48] [Server thread/INFO]: Saving chunks for level 'ServerLevel[gm_construct 13]'/ae2:spatial_storage
[00:09:04] [Server thread/INFO]: Saving and pausing game...
[00:09:05] [Server thread/INFO]: Saving chunks for level 'ServerLevel[gm_construct 13]'/minecraft:overworld
[00:09:05] [Server thread/INFO]: Saving chunks for level 'ServerLevel[gm_construct 13]'/aether:the_aether
[00:09:05] [Server thread/INFO]: Saving chunks for level 'ServerLevel[gm_construct 13]'/minecraft:the_nether
[00:09:05] [Server thread/INFO]: Saving chunks for level 'ServerLevel[gm_construct 13]'/minecraft:the_end
[00:09:05] [Server thread/INFO]: Saving chunks for level 'ServerLevel[gm_construct 13]'/create_dd:ponder
[00:09:05] [Server thread/INFO]: Saving chunks for level 'ServerLevel[gm_construct 13]'/ae2:spatial_storage
[00:09:27] [Server thread/ERROR]: Failed to execute LootRule minecraft:leather_boots/apotheosis:rare/ABILITY/0.33!
[00:09:28] [Server thread/INFO]: Saving and pausing game...
[00:09:28] [Server thread/INFO]: Saving chunks for level 'ServerLevel[gm_construct 13]'/minecraft:overworld
[00:09:28] [Server thread/INFO]: Saving chunks for level 'ServerLevel[gm_construct 13]'/aether:the_aether
[00:09:28] [Server thread/INFO]: Saving chunks for level 'ServerLevel[gm_construct 13]'/minecraft:the_nether
[00:09:28] [Server thread/INFO]: Saving chunks for level 'ServerLevel[gm_construct 13]'/minecraft:the_end
[00:09:28] [Server thread/INFO]: Saving chunks for level 'ServerLevel[gm_construct 13]'/create_dd:ponder
[00:09:28] [Server thread/INFO]: Saving chunks for level 'ServerLevel[gm_construct 13]'/ae2:spatial_storage
[00:09:59] [Server thread/ERROR]: Failed to execute LootRule minecraft:golden_helmet/apotheosis:rare/ABILITY/0.33!
[00:10:00] [Server thread/ERROR]: Failed to execute LootRule minecraft:diamond_helmet/apotheosis:rare/ABILITY/0.33!
[00:10:00] [Server thread/INFO]: Saving and pausing game...
[00:10:00] [Server thread/INFO]: Saving chunks for level 'ServerLevel[gm_construct 13]'/minecraft:overworld
[00:10:00] [Server thread/INFO]: Saving chunks for level 'ServerLevel[gm_construct 13]'/aether:the_aether
[00:10:00] [Server thread/INFO]: Saving chunks for level 'ServerLevel[gm_construct 13]'/minecraft:the_nether
[00:10:00] [Server thread/INFO]: Saving chunks for level 'ServerLevel[gm_construct 13]'/minecraft:the_end
[00:10:00] [Server thread/INFO]: Saving chunks for level 'ServerLevel[gm_construct 13]'/create_dd:ponder
[00:10:00] [Server thread/INFO]: Saving chunks for level 'ServerLevel[gm_construct 13]'/ae2:spatial_storage
[00:10:28] [Server thread/ERROR]: Failed to execute LootRule minecraft:iron_helmet/apotheosis:rare/ABILITY/0.33!
[00:10:28] [Server thread/ERROR]: Failed to execute LootRule minecraft:iron_boots/apotheosis:rare/ABILITY/0.33!
[00:10:28] [Server thread/INFO]: Saving and pausing game...
[00:10:28] [Server thread/INFO]: Saving chunks for level 'ServerLevel[gm_construct 13]'/minecraft:overworld
[00:10:28] [Server thread/INFO]: Saving chunks for level 'ServerLevel[gm_construct 13]'/aether:the_aether
[00:10:28] [Server thread/INFO]: Saving chunks for level 'ServerLevel[gm_construct 13]'/minecraft:the_nether
[00:10:28] [Server thread/INFO]: Saving chunks for level 'ServerLevel[gm_construct 13]'/minecraft:the_end
[00:10:28] [Server thread/INFO]: Saving chunks for level 'ServerLevel[gm_construct 13]'/create_dd:ponder
[00:10:28] [Server thread/INFO]: Saving chunks for level 'ServerLevel[gm_construct 13]'/ae2:spatial_storage
[00:12:07] [Server thread/ERROR]: Failed to execute LootRule minecraft:iron_helmet/apotheosis:rare/ABILITY/0.33!
[00:12:14] [Server thread/ERROR]: Failed to execute LootRule minecraft:chainmail_helmet/apotheosis:rare/ABILITY/0.33!
[00:12:15] [Server thread/ERROR]: Failed to execute LootRule minecraft:golden_helmet/apotheosis:rare/ABILITY/0.33!
[00:12:17] [Server thread/ERROR]: Failed to execute LootRule minecraft:golden_boots/apotheosis:rare/ABILITY/0.33!
[00:12:18] [Server thread/ERROR]: Failed to execute LootRule minecraft:iron_helmet/apotheosis:rare/ABILITY/0.33!
[00:12:18] [Server thread/ERROR]: Failed to execute LootRule minecraft:leather_boots/apotheosis:rare/ABILITY/0.33!
[00:12:20] [Server thread/ERROR]: Failed to execute LootRule minecraft:leather_boots/apotheosis:rare/ABILITY/0.33!
[00:12:21] [Server thread/ERROR]: Failed to execute LootRule minecraft:diamond_helmet/apotheosis:rare/ABILITY/0.33!
[00:12:21] [Server thread/ERROR]: Failed to execute LootRule minecraft:diamond_helmet/apotheosis:rare/ABILITY/0.33!
[00:12:25] [Server thread/ERROR]: Failed to execute LootRule minecraft:golden_helmet/apotheosis:rare/ABILITY/0.33!
[00:12:26] [Server thread/ERROR]: Failed to execute LootRule minecraft:golden_helmet/apotheosis:rare/ABILITY/0.33!
[00:12:27] [Server thread/ERROR]: Failed to execute LootRule minecraft:golden_helmet/apotheosis:rare/ABILITY/0.33!
[00:12:27] [Server thread/ERROR]: Failed to execute LootRule minecraft:leather_helmet/apotheosis:rare/ABILITY/0.33!
[00:12:29] [Server thread/ERROR]: Failed to execute LootRule minecraft:iron_boots/apotheosis:rare/ABILITY/0.33!
[00:12:30] [Server thread/ERROR]: Failed to execute LootRule minecraft:golden_helmet/apotheosis:rare/ABILITY/0.33!
[00:12:32] [Server thread/ERROR]: Failed to execute LootRule minecraft:leather_helmet/apotheosis:rare/ABILITY/0.33!
[00:12:33] [Server thread/ERROR]: Failed to execute LootRule minecraft:leather_boots/apotheosis:rare/ABILITY/0.33!
[00:12:34] [Server thread/ERROR]: Failed to execute LootRule minecraft:diamond_boots/apotheosis:rare/ABILITY/0.33!
[00:12:35] [Server thread/ERROR]: Failed to execute LootRule minecraft:leather_boots/apotheosis:rare/ABILITY/0.33!
[00:12:40] [Server thread/ERROR]: Failed to execute LootRule minecraft:iron_helmet/apotheosis:rare/ABILITY/0.33!
[00:12:40] [Server thread/ERROR]: Failed to execute LootRule minecraft:iron_boots/apotheosis:rare/ABILITY/0.33!
[00:12:41] [Server thread/ERROR]: Failed to execute LootRule minecraft:iron_boots/apotheosis:rare/ABILITY/0.33!
[00:12:42] [Server thread/ERROR]: Failed to execute LootRule minecraft:leather_helmet/apotheosis:rare/ABILITY/0.33!
[00:12:42] [Server thread/ERROR]: Failed to execute LootRule minecraft:golden_boots/apotheosis:rare/ABILITY/0.33!
[00:12:43] [Server thread/ERROR]: Failed to execute LootRule minecraft:iron_helmet/apotheosis:rare/ABILITY/0.33!
[00:12:44] [Server thread/ERROR]: Failed to execute LootRule minecraft:leather_boots/apotheosis:rare/ABILITY/0.33!
[00:12:45] [Server thread/ERROR]: Failed to execute LootRule minecraft:iron_boots/apotheosis:rare/ABILITY/0.33!
[00:12:47] [Server thread/ERROR]: Failed to execute LootRule minecraft:golden_boots/apotheosis:rare/ABILITY/0.33!
[00:12:48] [Server thread/ERROR]: Failed to execute LootRule minecraft:leather_boots/apotheosis:rare/ABILITY/0.33!
[00:12:49] [Server thread/ERROR]: Failed to execute LootRule minecraft:chainmail_helmet/apotheosis:rare/ABILITY/0.33!
[00:12:49] [Server thread/ERROR]: Failed to execute LootRule minecraft:iron_helmet/apotheosis:rare/ABILITY/0.33!
[00:12:50] [Server thread/INFO]: Saving and pausing game...
[00:12:50] [Server thread/INFO]: Saving chunks for level 'ServerLevel[gm_construct 13]'/minecraft:overworld
[00:12:50] [Server thread/INFO]: Saving chunks for level 'ServerLevel[gm_construct 13]'/aether:the_aether
[00:12:50] [Server thread/INFO]: Saving chunks for level 'ServerLevel[gm_construct 13]'/minecraft:the_nether
[00:12:50] [Server thread/INFO]: Saving chunks for level 'ServerLevel[gm_construct 13]'/minecraft:the_end
[00:12:50] [Server thread/INFO]: Saving chunks for level 'ServerLevel[gm_construct 13]'/create_dd:ponder
[00:12:50] [Server thread/INFO]: Saving chunks for level 'ServerLevel[gm_construct 13]'/ae2:spatial_storage
[00:14:33] [Server thread/ERROR]: Failed to execute LootRule minecraft:golden_boots/apotheosis:rare/ABILITY/0.33!
[00:14:34] [Server thread/ERROR]: Failed to execute LootRule minecraft:golden_boots/apotheosis:rare/ABILITY/0.33!
[00:14:34] [Server thread/ERROR]: Failed to execute LootRule minecraft:golden_boots/apotheosis:rare/ABILITY/0.33!
[00:14:34] [Server thread/INFO]: Saving and pausing game...
[00:14:35] [Server thread/INFO]: Saving chunks for level 'ServerLevel[gm_construct 13]'/minecraft:overworld
[00:14:35] [Server thread/INFO]: Saving chunks for level 'ServerLevel[gm_construct 13]'/aether:the_aether
[00:14:35] [Server thread/INFO]: Saving chunks for level 'ServerLevel[gm_construct 13]'/minecraft:the_nether
[00:14:35] [Server thread/INFO]: Saving chunks for level 'ServerLevel[gm_construct 13]'/minecraft:the_end
[00:14:35] [Server thread/INFO]: Saving chunks for level 'ServerLevel[gm_construct 13]'/create_dd:ponder
[00:14:35] [Server thread/INFO]: Saving chunks for level 'ServerLevel[gm_construct 13]'/ae2:spatial_storage
[00:15:04] [Server thread/ERROR]: Failed to execute LootRule minecraft:leather_boots/apotheosis:rare/ABILITY/0.33!
[00:15:05] [Server thread/ERROR]: Failed to execute LootRule minecraft:netherite_helmet/apotheosis:rare/ABILITY/0.33!
[00:15:08] [Server thread/INFO]: Saving and pausing game...
[00:15:08] [Server thread/INFO]: Saving chunks for level 'ServerLevel[gm_construct 13]'/minecraft:overworld
[00:15:08] [Server thread/INFO]: Saving chunks for level 'ServerLevel[gm_construct 13]'/aether:the_aether
[00:15:08] [Server thread/INFO]: Saving chunks for level 'ServerLevel[gm_construct 13]'/minecraft:the_nether
[00:15:08] [Server thread/INFO]: Saving chunks for level 'ServerLevel[gm_construct 13]'/minecraft:the_end
[00:15:08] [Server thread/INFO]: Saving chunks for level 'ServerLevel[gm_construct 13]'/create_dd:ponder
[00:15:08] [Server thread/INFO]: Saving chunks for level 'ServerLevel[gm_construct 13]'/ae2:spatial_storage
[00:16:15] [Server thread/ERROR]: Failed to execute LootRule minecraft:leather_boots/apotheosis:rare/ABILITY/0.33!
[00:16:16] [Server thread/ERROR]: Failed to execute LootRule minecraft:chainmail_boots/apotheosis:rare/ABILITY/0.33!
[00:16:16] [Server thread/ERROR]: Failed to execute LootRule minecraft:diamond_helmet/apotheosis:rare/ABILITY/0.33!
[00:16:17] [Server thread/ERROR]: Failed to execute LootRule minecraft:golden_helmet/apotheosis:rare/ABILITY/0.33!
[00:16:18] [Server thread/ERROR]: Failed to execute LootRule minecraft:leather_boots/apotheosis:rare/ABILITY/0.33!
[00:16:19] [Server thread/INFO]: Saving and pausing game...
[00:16:19] [Server thread/INFO]: Saving chunks for level 'ServerLevel[gm_construct 13]'/minecraft:overworld
[00:16:19] [Server thread/INFO]: Saving chunks for level 'ServerLevel[gm_construct 13]'/aether:the_aether
[00:16:19] [Server thread/INFO]: Saving chunks for level 'ServerLevel[gm_construct 13]'/minecraft:the_nether
[00:16:19] [Server thread/INFO]: Saving chunks for level 'ServerLevel[gm_construct 13]'/minecraft:the_end
[00:16:19] [Server thread/INFO]: Saving chunks for level 'ServerLevel[gm_construct 13]'/create_dd:ponder
[00:16:19] [Server thread/INFO]: Saving chunks for level 'ServerLevel[gm_construct 13]'/ae2:spatial_storage
[00:16:27] [Server thread/ERROR]: Failed to execute LootRule minecraft:leather_helmet/apotheosis:rare/ABILITY/0.33!
[00:16:28] [Server thread/ERROR]: Failed to execute LootRule minecraft:iron_boots/apotheosis:rare/ABILITY/0.33!
[00:16:28] [Server thread/ERROR]: Failed to execute LootRule minecraft:chainmail_boots/apotheosis:rare/ABILITY/0.33!
[00:16:30] [Server thread/ERROR]: Failed to execute LootRule minecraft:leather_boots/apotheosis:rare/ABILITY/0.33!
[00:16:30] [Server thread/ERROR]: Failed to execute LootRule minecraft:leather_boots/apotheosis:rare/ABILITY/0.33!
[00:16:33] [Server thread/ERROR]: Failed to execute LootRule minecraft:leather_boots/apotheosis:rare/ABILITY/0.33!
[00:16:34] [Server thread/INFO]: [meepr_dib: Killed 200 entities]
[00:16:34] [Render thread/INFO]: [CHAT] Killed 200 entities
[00:16:34] [Server thread/ERROR]: Failed to execute LootRule minecraft:iron_helmet/apotheosis:rare/ABILITY/0.33!
[00:16:34] [Server thread/ERROR]: Failed to execute LootRule minecraft:golden_boots/apotheosis:rare/ABILITY/0.33!
[00:16:35] [Server thread/ERROR]: Failed to execute LootRule minecraft:golden_helmet/apotheosis:rare/ABILITY/0.33!
[00:16:35] [Server thread/ERROR]: Failed to execute LootRule minecraft:iron_helmet/apotheosis:rare/ABILITY/0.33!
[00:16:35] [Server thread/ERROR]: Failed to execute LootRule minecraft:golden_helmet/apotheosis:rare/ABILITY/0.33!
[00:16:39] [Server thread/INFO]: [meepr_dib: Killed 9 entities]
[00:16:39] [Render thread/INFO]: [CHAT] Killed 9 entities
[00:16:40] [Server thread/ERROR]: Failed to execute LootRule minecraft:golden_helmet/apotheosis:rare/ABILITY/0.33!
[00:16:42] [Server thread/ERROR]: Failed to execute LootRule minecraft:netherite_helmet/apotheosis:rare/ABILITY/0.33!
[00:16:42] [Server thread/ERROR]: Failed to execute LootRule minecraft:diamond_boots/apotheosis:rare/ABILITY/0.33!
[00:16:44] [Server thread/ERROR]: Failed to execute LootRule minecraft:leather_boots/apotheosis:rare/ABILITY/0.33!
[00:16:44] [Server thread/ERROR]: Failed to execute LootRule minecraft:chainmail_boots/apotheosis:rare/ABILITY/0.33!
[00:16:46] [Server thread/ERROR]: Failed to execute LootRule minecraft:golden_helmet/apotheosis:rare/ABILITY/0.33!
[00:16:47] [Server thread/ERROR]: Failed to execute LootRule minecraft:chainmail_boots/apotheosis:rare/ABILITY/0.33!
[00:16:47] [Server thread/ERROR]: Failed to execute LootRule minecraft:golden_helmet/apotheosis:rare/ABILITY/0.33!
[00:16:52] [Server thread/ERROR]: Failed to execute LootRule minecraft:golden_boots/apotheosis:rare/ABILITY/0.33!
[00:16:53] [Server thread/INFO]: Saving and pausing game...
[00:16:53] [Server thread/INFO]: Saving chunks for level 'ServerLevel[gm_construct 13]'/minecraft:overworld
[00:16:53] [Server thread/INFO]: Saving chunks for level 'ServerLevel[gm_construct 13]'/aether:the_aether
[00:16:53] [Server thread/INFO]: Saving chunks for level 'ServerLevel[gm_construct 13]'/minecraft:the_nether
[00:16:53] [Server thread/INFO]: Saving chunks for level 'ServerLevel[gm_construct 13]'/minecraft:the_end
[00:16:53] [Server thread/INFO]: Saving chunks for level 'ServerLevel[gm_construct 13]'/create_dd:ponder
[00:16:53] [Server thread/INFO]: Saving chunks for level 'ServerLevel[gm_construct 13]'/ae2:spatial_storage
[00:17:04] [Server thread/ERROR]: Failed to execute LootRule minecraft:chainmail_helmet/apotheosis:rare/ABILITY/0.33!
[00:17:06] [Server thread/ERROR]: Failed to execute LootRule minecraft:iron_helmet/apotheosis:rare/ABILITY/0.33!
[00:17:06] [Server thread/ERROR]: Failed to execute LootRule minecraft:leather_boots/apotheosis:rare/ABILITY/0.33!
[00:17:06] [Server thread/ERROR]: Failed to execute LootRule minecraft:golden_boots/apotheosis:rare/ABILITY/0.33!
[00:17:07] [Server thread/ERROR]: Failed to execute LootRule minecraft:iron_helmet/apotheosis:rare/ABILITY/0.33!
[00:17:08] [Server thread/ERROR]: Failed to execute LootRule minecraft:iron_boots/apotheosis:rare/ABILITY/0.33!
[00:17:11] [Server thread/ERROR]: Failed to execute LootRule minecraft:golden_helmet/apotheosis:rare/ABILITY/0.33!
[00:17:15] [Server thread/ERROR]: Failed to execute LootRule minecraft:iron_boots/apotheosis:rare/ABILITY/0.33!
[00:17:16] [Server thread/ERROR]: Failed to execute LootRule minecraft:leather_helmet/apotheosis:rare/ABILITY/0.33!
[00:17:17] [Server thread/ERROR]: Failed to execute LootRule minecraft:iron_helmet/apotheosis:rare/ABILITY/0.33!
[00:17:20] [Server thread/ERROR]: Failed to execute LootRule minecraft:golden_boots/apotheosis:rare/ABILITY/0.33!
[00:17:20] [Server thread/ERROR]: Failed to execute LootRule minecraft:leather_boots/apotheosis:rare/ABILITY/0.33!
[00:17:20] [Server thread/ERROR]: Failed to execute LootRule minecraft:diamond_boots/apotheosis:rare/ABILITY/0.33!
[00:17:22] [Server thread/INFO]: Saving and pausing game...
[00:17:22] [Server thread/INFO]: Saving chunks for level 'ServerLevel[gm_construct 13]'/minecraft:overworld
[00:17:22] [Server thread/INFO]: Saving chunks for level 'ServerLevel[gm_construct 13]'/aether:the_aether
[00:17:22] [Server thread/INFO]: Saving chunks for level 'ServerLevel[gm_construct 13]'/minecraft:the_nether
[00:17:22] [Server thread/INFO]: Saving chunks for level 'ServerLevel[gm_construct 13]'/minecraft:the_end
[00:17:22] [Server thread/INFO]: Saving chunks for level 'ServerLevel[gm_construct 13]'/create_dd:ponder
[00:17:22] [Server thread/INFO]: Saving chunks for level 'ServerLevel[gm_construct 13]'/ae2:spatial_storage
[00:18:26] [Server thread/ERROR]: Failed to execute LootRule minecraft:golden_boots/apotheosis:rare/ABILITY/0.33!
[00:18:29] [Server thread/ERROR]: Failed to execute LootRule minecraft:golden_boots/apotheosis:rare/ABILITY/0.33!
[00:18:31] [Server thread/ERROR]: Failed to execute LootRule minecraft:golden_helmet/apotheosis:rare/ABILITY/0.33!
[00:18:32] [Server thread/ERROR]: Failed to execute LootRule minecraft:golden_boots/apotheosis:rare/ABILITY/0.33!
[00:18:32] [Server thread/INFO]: Saving and pausing game...
[00:18:32] [Server thread/INFO]: Saving chunks for level 'ServerLevel[gm_construct 13]'/minecraft:overworld
[00:18:32] [Server thread/INFO]: Saving chunks for level 'ServerLevel[gm_construct 13]'/aether:the_aether
[00:18:32] [Server thread/INFO]: Saving chunks for level 'ServerLevel[gm_construct 13]'/minecraft:the_nether
[00:18:32] [Server thread/INFO]: Saving chunks for level 'ServerLevel[gm_construct 13]'/minecraft:the_end
[00:18:32] [Server thread/INFO]: Saving chunks for level 'ServerLevel[gm_construct 13]'/create_dd:ponder
[00:18:32] [Server thread/INFO]: Saving chunks for level 'ServerLevel[gm_construct 13]'/ae2:spatial_storage
[00:19:27] [Server thread/ERROR]: Failed to execute LootRule minecraft:leather_helmet/apotheosis:rare/ABILITY/0.33!
[00:19:28] [Server thread/ERROR]: Failed to execute LootRule minecraft:chainmail_helmet/apotheosis:rare/ABILITY/0.33!
[00:19:29] [Server thread/ERROR]: Failed to execute LootRule minecraft:diamond_boots/apotheosis:rare/ABILITY/0.33!
[00:19:30] [Server thread/ERROR]: Failed to execute LootRule minecraft:iron_boots/apotheosis:rare/ABILITY/0.33!
[00:19:31] [Server thread/ERROR]: Failed to execute LootRule minecraft:golden_boots/apotheosis:rare/ABILITY/0.33!
[00:19:32] [Server thread/ERROR]: Failed to execute LootRule minecraft:iron_boots/apotheosis:rare/ABILITY/0.33!
[00:19:32] [Server thread/ERROR]: Failed to execute LootRule minecraft:chainmail_boots/apotheosis:rare/ABILITY/0.33!
[00:19:32] [Server thread/ERROR]: Failed to execute LootRule minecraft:diamond_boots/apotheosis:rare/ABILITY/0.33!
[00:19:32] [Server thread/ERROR]: Failed to execute LootRule minecraft:iron_boots/apotheosis:rare/ABILITY/0.33!
[00:19:33] [Server thread/ERROR]: Failed to execute LootRule minecraft:diamond_boots/apotheosis:rare/ABILITY/0.33!
[00:19:33] [Server thread/ERROR]: Failed to execute LootRule minecraft:golden_boots/apotheosis:rare/ABILITY/0.33!
[00:19:33] [Server thread/ERROR]: Failed to execute LootRule minecraft:iron_helmet/apotheosis:rare/ABILITY/0.33!
[00:19:33] [Server thread/ERROR]: Failed to execute LootRule minecraft:diamond_helmet/apotheosis:rare/ABILITY/0.33!
[00:19:35] [Server thread/ERROR]: Failed to execute LootRule minecraft:golden_helmet/apotheosis:rare/ABILITY/0.33!
[00:19:35] [Server thread/INFO]: Saving and pausing game...
[00:19:35] [Server thread/INFO]: Saving chunks for level 'ServerLevel[gm_construct 13]'/minecraft:overworld
[00:19:35] [Server thread/INFO]: Saving chunks for level 'ServerLevel[gm_construct 13]'/aether:the_aether
[00:19:35] [Server thread/INFO]: Saving chunks for level 'ServerLevel[gm_construct 13]'/minecraft:the_nether
[00:19:35] [Server thread/INFO]: Saving chunks for level 'ServerLevel[gm_construct 13]'/minecraft:the_end
[00:19:35] [Server thread/INFO]: Saving chunks for level 'ServerLevel[gm_construct 13]'/create_dd:ponder
[00:19:35] [Server thread/INFO]: Saving chunks for level 'ServerLevel[gm_construct 13]'/ae2:spatial_storage
[00:19:50] [Server thread/ERROR]: Failed to execute LootRule minecraft:leather_boots/apotheosis:rare/ABILITY/0.33!
[00:19:51] [Server thread/ERROR]: Failed to execute LootRule minecraft:iron_helmet/apotheosis:rare/ABILITY/0.33!
[00:19:54] [Server thread/ERROR]: Failed to execute LootRule minecraft:chainmail_helmet/apotheosis:rare/ABILITY/0.33!
[00:19:58] [Server thread/ERROR]: Failed to execute LootRule minecraft:iron_boots/apotheosis:rare/ABILITY/0.33!
[00:20:00] [Server thread/ERROR]: Failed to execute LootRule minecraft:golden_boots/apotheosis:rare/ABILITY/0.33!
[00:20:00] [Server thread/ERROR]: Failed to execute LootRule minecraft:iron_helmet/apotheosis:rare/ABILITY/0.33!
[00:20:01] [Server thread/ERROR]: Failed to execute LootRule minecraft:chainmail_boots/apotheosis:rare/ABILITY/0.33!
[00:20:01] [Server thread/ERROR]: Failed to execute LootRule minecraft:golden_boots/apotheosis:rare/ABILITY/0.33!
[00:20:01] [Server thread/ERROR]: Failed to execute LootRule minecraft:leather_boots/apotheosis:rare/ABILITY/0.33!
[00:20:02] [Server thread/ERROR]: Failed to execute LootRule minecraft:chainmail_helmet/apotheosis:rare/ABILITY/0.33!
[00:20:03] [Server thread/ERROR]: Failed to execute LootRule minecraft:diamond_boots/apotheosis:rare/ABILITY/0.33!
[00:20:06] [Server thread/ERROR]: Failed to execute LootRule minecraft:golden_helmet/apotheosis:rare/ABILITY/0.33!
[00:20:07] [Server thread/ERROR]: Failed to execute LootRule minecraft:chainmail_boots/apotheosis:rare/ABILITY/0.33!
[00:20:09] [Server thread/ERROR]: Failed to execute LootRule minecraft:iron_helmet/apotheosis:rare/ABILITY/0.33!
[00:20:09] [Server thread/ERROR]: Failed to execute LootRule minecraft:leather_boots/apotheosis:rare/ABILITY/0.33!
[00:20:10] [Server thread/ERROR]: Failed to execute LootRule minecraft:chainmail_boots/apotheosis:rare/ABILITY/0.33!
[00:20:14] [Server thread/ERROR]: Failed to execute LootRule minecraft:leather_boots/apotheosis:rare/ABILITY/0.33!
[00:20:14] [Server thread/ERROR]: Failed to execute LootRule minecraft:leather_boots/apotheosis:rare/ABILITY/0.33!
[00:20:15] [Server thread/ERROR]: Failed to execute LootRule minecraft:leather_helmet/apotheosis:rare/ABILITY/0.33!
[00:20:15] [Server thread/ERROR]: Failed to execute LootRule minecraft:chainmail_boots/apotheosis:rare/ABILITY/0.33!
[00:20:17] [Server thread/ERROR]: Failed to execute LootRule minecraft:golden_boots/apotheosis:rare/ABILITY/0.33!
[00:20:17] [Server thread/ERROR]: Failed to execute LootRule minecraft:golden_boots/apotheosis:rare/ABILITY/0.33!
[00:20:19] [Server thread/ERROR]: Failed to execute LootRule minecraft:leather_helmet/apotheosis:rare/ABILITY/0.33!
[00:20:19] [Server thread/ERROR]: Failed to execute LootRule minecraft:leather_helmet/apotheosis:rare/ABILITY/0.33!
[00:20:21] [Server thread/ERROR]: Failed to execute LootRule minecraft:golden_boots/apotheosis:rare/ABILITY/0.33!
[00:20:22] [Server thread/ERROR]: Failed to execute LootRule minecraft:golden_boots/apotheosis:rare/ABILITY/0.33!
[00:20:25] [Server thread/INFO]: Saving and pausing game...
[00:20:25] [Server thread/INFO]: Saving chunks for level 'ServerLevel[gm_construct 13]'/minecraft:overworld
[00:20:25] [Server thread/INFO]: Saving chunks for level 'ServerLevel[gm_construct 13]'/aether:the_aether
[00:20:25] [Server thread/INFO]: Saving chunks for level 'ServerLevel[gm_construct 13]'/minecraft:the_nether
[00:20:25] [Server thread/INFO]: Saving chunks for level 'ServerLevel[gm_construct 13]'/minecraft:the_end
[00:20:25] [Server thread/INFO]: Saving chunks for level 'ServerLevel[gm_construct 13]'/create_dd:ponder
[00:20:25] [Server thread/INFO]: Saving chunks for level 'ServerLevel[gm_construct 13]'/ae2:spatial_storage
[00:20:44] [Server thread/ERROR]: Failed to execute LootRule minecraft:golden_boots/apotheosis:rare/ABILITY/0.33!
[00:20:47] [Server thread/ERROR]: Failed to execute LootRule minecraft:golden_boots/apotheosis:rare/ABILITY/0.33!
[00:20:48] [Server thread/ERROR]: Failed to execute LootRule minecraft:chainmail_helmet/apotheosis:rare/ABILITY/0.33!
[00:20:50] [Server thread/ERROR]: Failed to execute LootRule minecraft:iron_boots/apotheosis:rare/ABILITY/0.33!
[00:20:54] [Server thread/ERROR]: Failed to execute LootRule minecraft:golden_helmet/apotheosis:rare/ABILITY/0.33!
[00:20:56] [Server thread/ERROR]: Failed to execute LootRule minecraft:golden_helmet/apotheosis:rare/ABILITY/0.33!
[00:20:59] [Server thread/ERROR]: Failed to execute LootRule minecraft:netherite_boots/apotheosis:rare/ABILITY/0.33!
[00:20:59] [Server thread/ERROR]: Failed to execute LootRule minecraft:leather_boots/apotheosis:rare/ABILITY/0.33!
[00:21:01] [Server thread/ERROR]: Failed to execute LootRule minecraft:golden_helmet/apotheosis:rare/ABILITY/0.33!
[00:21:01] [Server thread/ERROR]: Failed to execute LootRule minecraft:chainmail_helmet/apotheosis:rare/ABILITY/0.33!
[00:21:01] [Server thread/ERROR]: Failed to execute LootRule minecraft:golden_helmet/apotheosis:rare/ABILITY/0.33!
[00:21:02] [Server thread/ERROR]: Failed to execute LootRule minecraft:chainmail_helmet/apotheosis:rare/ABILITY/0.33!
[00:21:02] [Server thread/ERROR]: Failed to execute LootRule minecraft:chainmail_helmet/apotheosis:rare/ABILITY/0.33!
[00:21:03] [Server thread/ERROR]: Failed to execute LootRule minecraft:iron_helmet/apotheosis:rare/ABILITY/0.33!
[00:21:04] [Server thread/ERROR]: Failed to execute LootRule minecraft:leather_helmet/apotheosis:rare/ABILITY/0.33!
[00:21:05] [Server thread/ERROR]: Failed to execute LootRule minecraft:golden_boots/apotheosis:rare/ABILITY/0.33!
[00:21:11] [Server thread/ERROR]: Failed to execute LootRule minecraft:netherite_helmet/apotheosis:rare/ABILITY/0.33!
[00:21:12] [Server thread/ERROR]: Failed to execute LootRule minecraft:chainmail_helmet/apotheosis:rare/ABILITY/0.33!
[00:21:15] [Server thread/ERROR]: Failed to execute LootRule minecraft:leather_helmet/apotheosis:rare/ABILITY/0.33!
[00:21:15] [Server thread/ERROR]: Failed to execute LootRule minecraft:golden_helmet/apotheosis:rare/ABILITY/0.33!
[00:21:15] [Server thread/ERROR]: Failed to execute LootRule minecraft:netherite_boots/apotheosis:rare/ABILITY/0.33!
[00:21:16] [Server thread/ERROR]: Failed to execute LootRule minecraft:golden_helmet/apotheosis:rare/ABILITY/0.33!
[00:21:16] [Server thread/ERROR]: Failed to execute LootRule minecraft:golden_helmet/apotheosis:rare/ABILITY/0.33!
[00:21:17] [Server thread/ERROR]: Failed to execute LootRule minecraft:leather_boots/apotheosis:rare/ABILITY/0.33!
[00:21:18] [Server thread/ERROR]: Failed to execute LootRule minecraft:golden_boots/apotheosis:rare/ABILITY/0.33!
[00:21:18] [Server thread/ERROR]: Failed to execute LootRule minecraft:golden_helmet/apotheosis:rare/ABILITY/0.33!
[00:21:21] [Server thread/ERROR]: Failed to execute LootRule minecraft:leather_boots/apotheosis:rare/ABILITY/0.33!
[00:21:23] [Server thread/ERROR]: Failed to execute LootRule minecraft:diamond_boots/apotheosis:rare/ABILITY/0.33!
[00:21:24] [Server thread/ERROR]: Failed to execute LootRule minecraft:chainmail_boots/apotheosis:rare/ABILITY/0.33!
[00:21:28] [Server thread/ERROR]: Failed to execute LootRule minecraft:diamond_boots/apotheosis:rare/ABILITY/0.33!
[00:21:29] [Server thread/ERROR]: Failed to execute LootRule minecraft:golden_boots/apotheosis:rare/ABILITY/0.33!
[00:21:30] [Server thread/ERROR]: Failed to execute LootRule minecraft:leather_helmet/apotheosis:rare/ABILITY/0.33!
[00:21:31] [Server thread/ERROR]: Failed to execute LootRule minecraft:golden_boots/apotheosis:rare/ABILITY/0.33!
[00:21:31] [Server thread/ERROR]: Failed to execute LootRule minecraft:iron_boots/apotheosis:rare/ABILITY/0.33!
[00:21:31] [Server thread/ERROR]: Failed to execute LootRule minecraft:iron_boots/apotheosis:rare/ABILITY/0.33!
[00:21:33] [Server thread/ERROR]: Failed to execute LootRule minecraft:leather_boots/apotheosis:rare/ABILITY/0.33!
[00:21:34] [Server thread/ERROR]: Failed to execute LootRule minecraft:diamond_boots/apotheosis:rare/ABILITY/0.33!
[00:21:35] [Server thread/ERROR]: Failed to execute LootRule minecraft:golden_boots/apotheosis:rare/ABILITY/0.33!
[00:21:35] [Server thread/ERROR]: Failed to execute LootRule minecraft:iron_boots/apotheosis:rare/ABILITY/0.33!
[00:21:36] [Server thread/ERROR]: Failed to execute LootRule minecraft:golden_boots/apotheosis:rare/ABILITY/0.33!
[00:21:37] [Server thread/ERROR]: Failed to execute LootRule minecraft:iron_boots/apotheosis:rare/ABILITY/0.33!
[00:21:37] [Server thread/ERROR]: Failed to execute LootRule minecraft:golden_boots/apotheosis:rare/ABILITY/0.33!
[00:21:38] [Server thread/ERROR]: Failed to execute LootRule minecraft:diamond_helmet/apotheosis:rare/ABILITY/0.33!
[00:21:38] [Server thread/ERROR]: Failed to execute LootRule minecraft:leather_helmet/apotheosis:rare/ABILITY/0.33!
[00:21:42] [Server thread/ERROR]: Failed to execute LootRule minecraft:golden_helmet/apotheosis:rare/ABILITY/0.33!
[00:21:42] [Server thread/ERROR]: Failed to execute LootRule minecraft:leather_helmet/apotheosis:rare/ABILITY/0.33!
[00:21:43] [Server thread/ERROR]: Failed to execute LootRule minecraft:leather_helmet/apotheosis:rare/ABILITY/0.33!
[00:21:44] [Server thread/ERROR]: Failed to execute LootRule minecraft:netherite_helmet/apotheosis:rare/ABILITY/0.33!
[00:21:46] [Server thread/ERROR]: Failed to execute LootRule minecraft:iron_boots/apotheosis:rare/ABILITY/0.33!
[00:21:46] [Server thread/ERROR]: Failed to execute LootRule minecraft:golden_boots/apotheosis:rare/ABILITY/0.33!
[00:21:48] [Server thread/ERROR]: Failed to execute LootRule minecraft:golden_helmet/apotheosis:rare/ABILITY/0.33!
[00:21:52] [Server thread/ERROR]: Failed to execute LootRule minecraft:iron_helmet/apotheosis:rare/ABILITY/0.33!
[00:21:52] [Server thread/ERROR]: Failed to execute LootRule minecraft:iron_helmet/apotheosis:rare/ABILITY/0.33!
[00:21:54] [Server thread/ERROR]: Failed to execute LootRule minecraft:leather_boots/apotheosis:rare/ABILITY/0.33!
[00:21:59] [Server thread/ERROR]: Failed to execute LootRule minecraft:iron_boots/apotheosis:rare/ABILITY/0.33!
[00:22:00] [Server thread/ERROR]: Failed to execute LootRule minecraft:chainmail_helmet/apotheosis:rare/ABILITY/0.33!
[00:22:01] [Server thread/ERROR]: Failed to execute LootRule minecraft:leather_boots/apotheosis:rare/ABILITY/0.33!
[00:22:01] [Server thread/ERROR]: Failed to execute LootRule minecraft:leather_helmet/apotheosis:rare/ABILITY/0.33!
[00:22:03] [Server thread/ERROR]: Failed to execute LootRule minecraft:iron_helmet/apotheosis:rare/ABILITY/0.33!
[00:22:03] [Server thread/ERROR]: Failed to execute LootRule minecraft:golden_boots/apotheosis:rare/ABILITY/0.33!
[00:22:05] [Server thread/ERROR]: Failed to execute LootRule minecraft:iron_helmet/apotheosis:rare/ABILITY/0.33!
[00:22:05] [Server thread/ERROR]: Failed to execute LootRule minecraft:leather_boots/apotheosis:rare/ABILITY/0.33!
[00:22:05] [Server thread/ERROR]: Failed to execute LootRule minecraft:leather_helmet/apotheosis:rare/ABILITY/0.33!
[00:22:07] [Server thread/ERROR]: Failed to execute LootRule minecraft:chainmail_boots/apotheosis:rare/ABILITY/0.33!
[00:22:11] [Server thread/ERROR]: Failed to execute LootRule minecraft:golden_helmet/apotheosis:rare/ABILITY/0.33!
[00:22:12] [Server thread/ERROR]: Failed to execute LootRule minecraft:golden_boots/apotheosis:rare/ABILITY/0.33!
[00:22:13] [Server thread/ERROR]: Failed to execute LootRule minecraft:leather_helmet/apotheosis:rare/ABILITY/0.33!
[00:22:14] [Server thread/ERROR]: Failed to execute LootRule minecraft:golden_boots/apotheosis:rare/ABILITY/0.33!
[00:22:16] [Server thread/ERROR]: Failed to execute LootRule minecraft:golden_helmet/apotheosis:rare/ABILITY/0.33!
[00:22:16] [Server thread/ERROR]: Failed to execute LootRule minecraft:chainmail_boots/apotheosis:rare/ABILITY/0.33!
[00:22:17] [Server thread/ERROR]: Failed to execute LootRule minecraft:leather_boots/apotheosis:rare/ABILITY/0.33!
[00:22:17] [Server thread/ERROR]: Failed to execute LootRule minecraft:iron_boots/apotheosis:rare/ABILITY/0.33!
[00:22:18] [Server thread/ERROR]: Failed to execute LootRule minecraft:chainmail_helmet/apotheosis:rare/ABILITY/0.33!
[00:22:23] [Server thread/ERROR]: Failed to execute LootRule minecraft:golden_helmet/apotheosis:rare/ABILITY/0.33!
[00:22:24] [Server thread/ERROR]: Failed to execute LootRule minecraft:chainmail_boots/apotheosis:rare/ABILITY/0.33!
[00:22:24] [Server thread/ERROR]: Failed to execute LootRule minecraft:chainmail_boots/apotheosis:rare/ABILITY/0.33!
[00:22:25] [Server thread/ERROR]: Failed to execute LootRule minecraft:leather_helmet/apotheosis:rare/ABILITY/0.33!
[00:22:25] [Render thread/WARN]: Unable to play empty soundEvent: minecraft:entity.cod.ambient
[00:22:26] [Server thread/ERROR]: Failed to execute LootRule minecraft:golden_boots/apotheosis:rare/ABILITY/0.33!
[00:22:30] [Server thread/ERROR]: Failed to execute LootRule minecraft:golden_boots/apotheosis:rare/ABILITY/0.33!
[00:22:30] [Server thread/ERROR]: Failed to execute LootRule minecraft:golden_boots/apotheosis:rare/ABILITY/0.33!
[00:22:31] [Server thread/ERROR]: Failed to execute LootRule minecraft:leather_boots/apotheosis:rare/ABILITY/0.33!
[00:22:32] [Server thread/ERROR]: Failed to execute LootRule minecraft:chainmail_boots/apotheosis:rare/ABILITY/0.33!
[00:22:33] [Server thread/ERROR]: Failed to execute LootRule minecraft:golden_boots/apotheosis:rare/ABILITY/0.33!
[00:22:35] [Server thread/ERROR]: Failed to execute LootRule minecraft:leather_helmet/apotheosis:rare/ABILITY/0.33!
[00:22:37] [Server thread/ERROR]: Failed to execute LootRule minecraft:iron_helmet/apotheosis:rare/ABILITY/0.33!
[00:22:37] [Server thread/ERROR]: Failed to execute LootRule minecraft:chainmail_boots/apotheosis:rare/ABILITY/0.33!
[00:22:39] [Server thread/ERROR]: Failed to execute LootRule minecraft:iron_boots/apotheosis:rare/ABILITY/0.33!
[00:22:41] [Server thread/ERROR]: Failed to execute LootRule minecraft:golden_boots/apotheosis:rare/ABILITY/0.33!
[00:22:41] [Server thread/ERROR]: Failed to execute LootRule minecraft:iron_helmet/apotheosis:rare/ABILITY/0.33!
[00:22:44] [Server thread/ERROR]: Failed to execute LootRule minecraft:iron_boots/apotheosis:rare/ABILITY/0.33!
[00:22:44] [Server thread/ERROR]: Failed to execute LootRule minecraft:iron_boots/apotheosis:rare/ABILITY/0.33!
[00:22:46] [Server thread/ERROR]: Failed to execute LootRule minecraft:diamond_boots/apotheosis:rare/ABILITY/0.33!
[00:22:50] [Server thread/ERROR]: Failed to execute LootRule minecraft:leather_helmet/apotheosis:rare/ABILITY/0.33!
[00:22:51] [Server thread/ERROR]: Failed to execute LootRule minecraft:iron_helmet/apotheosis:rare/ABILITY/0.33!
[00:22:51] [Server thread/ERROR]: Failed to execute LootRule minecraft:diamond_helmet/apotheosis:rare/ABILITY/0.33!
[00:22:54] [Server thread/ERROR]: Failed to execute LootRule minecraft:iron_boots/apotheosis:rare/ABILITY/0.33!
[00:22:55] [Server thread/ERROR]: Failed to execute LootRule minecraft:netherite_helmet/apotheosis:rare/ABILITY/0.33!
[00:22:56] [Server thread/INFO]: Saving and pausing game...
[00:22:56] [Server thread/INFO]: Saving chunks for level 'ServerLevel[gm_construct 13]'/minecraft:overworld
[00:22:56] [Server thread/INFO]: Saving chunks for level 'ServerLevel[gm_construct 13]'/aether:the_aether
[00:22:56] [Server thread/INFO]: Saving chunks for level 'ServerLevel[gm_construct 13]'/minecraft:the_nether
[00:22:56] [Server thread/INFO]: Saving chunks for level 'ServerLevel[gm_construct 13]'/minecraft:the_end
[00:22:56] [Server thread/INFO]: Saving chunks for level 'ServerLevel[gm_construct 13]'/create_dd:ponder
[00:22:56] [Server thread/INFO]: Saving chunks for level 'ServerLevel[gm_construct 13]'/ae2:spatial_storage
[00:22:58] [Server thread/INFO]: [meepr_dib: Teleported meepr_dib to 109.500000, 137.500000, 17.500000]
[00:22:58] [Render thread/INFO]: [CHAT] Teleported meepr_dib to 109.500000, 137.500000, 17.500000
[00:22:58] [Server thread/ERROR]: Failed to execute LootRule minecraft:golden_boots/apotheosis:rare/ABILITY/0.33!
[00:22:58] [Server thread/ERROR]: Failed to execute LootRule minecraft:leather_boots/apotheosis:rare/ABILITY/0.33!
[00:22:59] [Server thread/INFO]: Saving and pausing game...
[00:22:59] [Server thread/INFO]: Saving chunks for level 'ServerLevel[gm_construct 13]'/minecraft:overworld
[00:22:59] [Server thread/INFO]: Saving chunks for level 'ServerLevel[gm_construct 13]'/aether:the_aether
[00:22:59] [Server thread/INFO]: Saving chunks for level 'ServerLevel[gm_construct 13]'/minecraft:the_nether
[00:22:59] [Server thread/INFO]: Saving chunks for level 'ServerLevel[gm_construct 13]'/minecraft:the_end
[00:22:59] [Server thread/INFO]: Saving chunks for level 'ServerLevel[gm_construct 13]'/create_dd:ponder
[00:22:59] [Server thread/INFO]: Saving chunks for level 'ServerLevel[gm_construct 13]'/ae2:spatial_storage
[00:23:10] [Server thread/ERROR]: Failed to execute LootRule minecraft:leather_boots/apotheosis:rare/ABILITY/0.33!
[00:23:11] [Server thread/ERROR]: Failed to execute LootRule minecraft:chainmail_helmet/apotheosis:rare/ABILITY/0.33!
[00:23:13] [Server thread/ERROR]: Failed to execute LootRule minecraft:golden_boots/apotheosis:rare/ABILITY/0.33!
[00:23:13] [Server thread/ERROR]: Failed to execute LootRule minecraft:leather_helmet/apotheosis:rare/ABILITY/0.33!
[00:23:15] [Server thread/ERROR]: Failed to execute LootRule minecraft:chainmail_boots/apotheosis:rare/ABILITY/0.33!
[00:23:15] [Server thread/ERROR]: Failed to execute LootRule minecraft:chainmail_helmet/apotheosis:rare/ABILITY/0.33!
[00:23:16] [Server thread/ERROR]: Failed to execute LootRule minecraft:golden_helmet/apotheosis:rare/ABILITY/0.33!
[00:23:17] [Server thread/ERROR]: Failed to execute LootRule minecraft:iron_boots/apotheosis:rare/ABILITY/0.33!
[00:23:18] [Server thread/INFO]: Saving and pausing game...
[00:23:18] [Server thread/INFO]: Saving chunks for level 'ServerLevel[gm_construct 13]'/minecraft:overworld
[00:23:18] [Server thread/INFO]: Saving chunks for level 'ServerLevel[gm_construct 13]'/aether:the_aether
[00:23:18] [Server thread/INFO]: Saving chunks for level 'ServerLevel[gm_construct 13]'/minecraft:the_nether
[00:23:18] [Server thread/INFO]: Saving chunks for level 'ServerLevel[gm_construct 13]'/minecraft:the_end
[00:23:18] [Server thread/INFO]: Saving chunks for level 'ServerLevel[gm_construct 13]'/create_dd:ponder
[00:23:18] [Server thread/INFO]: Saving chunks for level 'ServerLevel[gm_construct 13]'/ae2:spatial_storage
[00:23:51] [Server thread/ERROR]: Failed to execute LootRule minecraft:leather_boots/apotheosis:rare/ABILITY/0.33!
[00:23:51] [Server thread/ERROR]: Failed to execute LootRule minecraft:diamond_helmet/apotheosis:rare/ABILITY/0.33!
[00:23:51] [Server thread/ERROR]: Failed to execute LootRule minecraft:iron_boots/apotheosis:rare/ABILITY/0.33!
[00:23:53] [Server thread/ERROR]: Failed to execute LootRule minecraft:diamond_boots/apotheosis:rare/ABILITY/0.33!
[00:23:54] [Server thread/ERROR]: Failed to execute LootRule minecraft:leather_helmet/apotheosis:rare/ABILITY/0.33!
[00:23:54] [Server thread/ERROR]: Failed to execute LootRule minecraft:iron_boots/apotheosis:rare/ABILITY/0.33!
[00:23:56] [Server thread/ERROR]: Failed to execute LootRule minecraft:netherite_helmet/apotheosis:rare/ABILITY/0.33!
[00:23:57] [Server thread/ERROR]: Failed to execute LootRule minecraft:iron_boots/apotheosis:rare/ABILITY/0.33!
[00:23:58] [Server thread/ERROR]: Failed to execute LootRule minecraft:leather_boots/apotheosis:rare/ABILITY/0.33!
[00:23:58] [Server thread/ERROR]: Failed to execute LootRule minecraft:golden_boots/apotheosis:rare/ABILITY/0.33!
[00:23:58] [Server thread/ERROR]: Failed to execute LootRule minecraft:leather_helmet/apotheosis:rare/ABILITY/0.33!
[00:24:07] [Server thread/ERROR]: Failed to execute LootRule minecraft:chainmail_helmet/apotheosis:rare/ABILITY/0.33!
[00:24:08] [Server thread/ERROR]: Failed to execute LootRule minecraft:chainmail_helmet/apotheosis:rare/ABILITY/0.33!
[00:24:11] [Server thread/ERROR]: Failed to execute LootRule minecraft:chainmail_boots/apotheosis:rare/ABILITY/0.33!
[00:24:11] [Server thread/ERROR]: Failed to execute LootRule minecraft:iron_helmet/apotheosis:rare/ABILITY/0.33!
[00:24:13] [Server thread/ERROR]: Failed to execute LootRule minecraft:golden_boots/apotheosis:rare/ABILITY/0.33!
[00:24:14] [Server thread/ERROR]: Failed to execute LootRule minecraft:leather_boots/apotheosis:rare/ABILITY/0.33!
[00:24:15] [Server thread/ERROR]: Failed to execute LootRule minecraft:golden_boots/apotheosis:rare/ABILITY/0.33!
[00:24:16] [Server thread/ERROR]: Failed to execute LootRule minecraft:leather_helmet/apotheosis:rare/ABILITY/0.33!
[00:24:16] [Server thread/ERROR]: Failed to execute LootRule minecraft:golden_boots/apotheosis:rare/ABILITY/0.33!
[00:24:16] [Server thread/ERROR]: Failed to execute LootRule minecraft:diamond_helmet/apotheosis:rare/ABILITY/0.33!
[00:24:17] [Server thread/ERROR]: Failed to execute LootRule minecraft:golden_boots/apotheosis:rare/ABILITY/0.33!
[00:24:18] [Server thread/ERROR]: Failed to execute LootRule minecraft:chainmail_boots/apotheosis:rare/ABILITY/0.33!
[00:24:18] [Server thread/ERROR]: Failed to execute LootRule minecraft:golden_boots/apotheosis:rare/ABILITY/0.33!
[00:24:20] [Server thread/ERROR]: Failed to execute LootRule minecraft:golden_helmet/apotheosis:rare/ABILITY/0.33!
[00:24:22] [Server thread/ERROR]: Failed to execute LootRule minecraft:chainmail_boots/apotheosis:rare/ABILITY/0.33!
[00:24:23] [Server thread/ERROR]: Failed to execute LootRule minecraft:golden_helmet/apotheosis:rare/ABILITY/0.33!
[00:24:24] [Server thread/ERROR]: Failed to execute LootRule minecraft:chainmail_helmet/apotheosis:rare/ABILITY/0.33!
[00:24:25] [Server thread/ERROR]: Failed to execute LootRule minecraft:golden_boots/apotheosis:rare/ABILITY/0.33!
[00:24:27] [Server thread/ERROR]: Failed to execute LootRule minecraft:golden_helmet/apotheosis:rare/ABILITY/0.33!
[00:24:27] [Server thread/ERROR]: Failed to execute LootRule minecraft:golden_boots/apotheosis:rare/ABILITY/0.33!
[00:24:28] [Server thread/INFO]: Saving and pausing game...
[00:24:28] [Server thread/INFO]: Saving chunks for level 'ServerLevel[gm_construct 13]'/minecraft:overworld
[00:24:28] [Server thread/INFO]: Saving chunks for level 'ServerLevel[gm_construct 13]'/aether:the_aether
[00:24:28] [Server thread/INFO]: Saving chunks for level 'ServerLevel[gm_construct 13]'/minecraft:the_nether
[00:24:28] [Server thread/INFO]: Saving chunks for level 'ServerLevel[gm_construct 13]'/minecraft:the_end
[00:24:28] [Server thread/INFO]: Saving chunks for level 'ServerLevel[gm_construct 13]'/create_dd:ponder
[00:24:28] [Server thread/INFO]: Saving chunks for level 'ServerLevel[gm_construct 13]'/ae2:spatial_storage
[00:24:36] [Server thread/ERROR]: Failed to execute LootRule minecraft:leather_helmet/apotheosis:rare/ABILITY/0.33!
[00:24:37] [Server thread/ERROR]: Failed to execute LootRule minecraft:golden_boots/apotheosis:rare/ABILITY/0.33!
[00:24:39] [Server thread/ERROR]: Failed to execute LootRule minecraft:golden_helmet/apotheosis:rare/ABILITY/0.33!
[00:24:40] [Server thread/ERROR]: Failed to execute LootRule minecraft:iron_helmet/apotheosis:rare/ABILITY/0.33!
[00:24:41] [Server thread/ERROR]: Failed to execute LootRule minecraft:iron_boots/apotheosis:rare/ABILITY/0.33!
[00:24:42] [Server thread/ERROR]: Failed to execute LootRule minecraft:iron_boots/apotheosis:rare/ABILITY/0.33!
[00:24:43] [Server thread/ERROR]: Failed to execute LootRule minecraft:golden_helmet/apotheosis:rare/ABILITY/0.33!
[00:24:45] [Server thread/ERROR]: Failed to execute LootRule minecraft:diamond_helmet/apotheosis:rare/ABILITY/0.33!
[00:24:47] [Server thread/ERROR]: Failed to execute LootRule minecraft:leather_helmet/apotheosis:rare/ABILITY/0.33!
[00:24:48] [Server thread/ERROR]: Failed to execute LootRule minecraft:leather_boots/apotheosis:rare/ABILITY/0.33!
[00:24:50] [Server thread/ERROR]: Failed to execute LootRule minecraft:iron_helmet/apotheosis:rare/ABILITY/0.33!
[00:24:51] [Server thread/ERROR]: Failed to execute LootRule minecraft:golden_helmet/apotheosis:rare/ABILITY/0.33!
[00:24:51] [Server thread/ERROR]: Failed to execute LootRule minecraft:golden_boots/apotheosis:rare/ABILITY/0.33!
[00:24:54] [Server thread/ERROR]: Failed to execute LootRule minecraft:golden_helmet/apotheosis:rare/ABILITY/0.33!
[00:24:55] [Server thread/ERROR]: Failed to execute LootRule minecraft:leather_boots/apotheosis:rare/ABILITY/0.33!
[00:24:56] [Server thread/ERROR]: Failed to execute LootRule minecraft:chainmail_helmet/apotheosis:rare/ABILITY/0.33!
[00:24:56] [Server thread/ERROR]: Failed to execute LootRule minecraft:golden_helmet/apotheosis:rare/ABILITY/0.33!
[00:24:57] [Server thread/ERROR]: Failed to execute LootRule minecraft:leather_helmet/apotheosis:rare/ABILITY/0.33!
[00:24:58] [Server thread/ERROR]: Failed to execute LootRule minecraft:golden_helmet/apotheosis:rare/ABILITY/0.33!
[00:24:58] [Server thread/ERROR]: Failed to execute LootRule minecraft:iron_boots/apotheosis:rare/ABILITY/0.33!
[00:25:00] [Server thread/INFO]: Saving and pausing game...
[00:25:00] [Server thread/INFO]: Saving chunks for level 'ServerLevel[gm_construct 13]'/minecraft:overworld
[00:25:00] [Server thread/INFO]: Saving chunks for level 'ServerLevel[gm_construct 13]'/aether:the_aether
[00:25:00] [Server thread/INFO]: Saving chunks for level 'ServerLevel[gm_construct 13]'/minecraft:the_nether
[00:25:00] [Server thread/INFO]: Saving chunks for level 'ServerLevel[gm_construct 13]'/minecraft:the_end
[00:25:00] [Server thread/INFO]: Saving chunks for level 'ServerLevel[gm_construct 13]'/create_dd:ponder
[00:25:00] [Server thread/INFO]: Saving chunks for level 'ServerLevel[gm_construct 13]'/ae2:spatial_storage
[00:25:25] [Server thread/ERROR]: Failed to execute LootRule minecraft:leather_helmet/apotheosis:rare/ABILITY/0.33!
[00:25:28] [Server thread/ERROR]: Failed to execute LootRule minecraft:diamond_helmet/apotheosis:rare/ABILITY/0.33!
[00:25:32] [Server thread/ERROR]: Failed to execute LootRule minecraft:golden_boots/apotheosis:rare/ABILITY/0.33!
[00:25:32] [Server thread/ERROR]: Failed to execute LootRule minecraft:chainmail_helmet/apotheosis:rare/ABILITY/0.33!
[00:25:32] [Server thread/INFO]: Saving and pausing game...
[00:25:32] [Server thread/INFO]: Saving chunks for level 'ServerLevel[gm_construct 13]'/minecraft:overworld
[00:25:32] [Server thread/INFO]: Saving chunks for level 'ServerLevel[gm_construct 13]'/aether:the_aether
[00:25:32] [Server thread/INFO]: Saving chunks for level 'ServerLevel[gm_construct 13]'/minecraft:the_nether
[00:25:32] [Server thread/INFO]: Saving chunks for level 'ServerLevel[gm_construct 13]'/minecraft:the_end
[00:25:32] [Server thread/INFO]: Saving chunks for level 'ServerLevel[gm_construct 13]'/create_dd:ponder
[00:25:32] [Server thread/INFO]: Saving chunks for level 'ServerLevel[gm_construct 13]'/ae2:spatial_storage
